2016-04-22 11:22:36,326 [1409126300@qtp-229123781-0] INFO  [me.daoke.roadrank.intercepter.SignSpringActionHandler] - sign:lu64o3ul5m
2016-04-22 11:22:36,327 [1409126300@qtp-229123781-0] INFO  [me.daoke.roadrank.intercepter.SignSpringActionHandler] - timestamp:lu64o3ul5m
2016-04-22 11:22:36,327 [1409126300@qtp-229123781-0] INFO  [me.daoke.roadrank.intercepter.SignSpringActionHandler] - token:lu64o3ul5m
2016-04-22 11:22:36,327 [1409126300@qtp-229123781-0] INFO  [me.daoke.roadrank.intercepter.SignSpringActionHandler] - appkey:3987311677
2016-04-22 11:22:36,327 [1409126300@qtp-229123781-0] INFO  [me.daoke.roadrank.intercepter.SignSpringActionHandler] - accountid:zMm6mlT7jM
2016-04-22 11:22:36,327 [1409126300@qtp-229123781-0] INFO  [me.daoke.roadrank.intercepter.SignSpringActionHandler] - Content-Length:45
2016-04-22 11:22:36,327 [1409126300@qtp-229123781-0] INFO  [me.daoke.roadrank.intercepter.SignSpringActionHandler] - Content-Type:application/x-www-form-urlencoded; charset=UTF-8
2016-04-22 11:22:36,327 [1409126300@qtp-229123781-0] INFO  [me.daoke.roadrank.intercepter.SignSpringActionHandler] - Host:localhost:8080
2016-04-22 11:22:36,327 [1409126300@qtp-229123781-0] INFO  [me.daoke.roadrank.intercepter.SignSpringActionHandler] - Connection:Keep-Alive
2016-04-22 11:22:36,327 [1409126300@qtp-229123781-0] INFO  [me.daoke.roadrank.intercepter.SignSpringActionHandler] - User-Agent:Apache-HttpClient/4.3.6 (java 1.5)
2016-04-22 11:22:36,327 [1409126300@qtp-229123781-0] INFO  [me.daoke.roadrank.intercepter.SignSpringActionHandler] - Accept-Encoding:gzip,deflate
2016-04-22 11:23:03,290 [1409126300@qtp-229123781-0] INFO  [me.daoke.roadrank.intercepter.SignSpringActionHandler] - sign:lu64o3ul5m
2016-04-22 11:23:03,290 [1409126300@qtp-229123781-0] INFO  [me.daoke.roadrank.intercepter.SignSpringActionHandler] - timestamp:lu64o3ul5m
2016-04-22 11:23:03,290 [1409126300@qtp-229123781-0] INFO  [me.daoke.roadrank.intercepter.SignSpringActionHandler] - token:lu64o3ul5m
2016-04-22 11:23:03,290 [1409126300@qtp-229123781-0] INFO  [me.daoke.roadrank.intercepter.SignSpringActionHandler] - appkey:3987311677
2016-04-22 11:23:03,290 [1409126300@qtp-229123781-0] INFO  [me.daoke.roadrank.intercepter.SignSpringActionHandler] - Content-Length:45
2016-04-22 11:23:03,290 [1409126300@qtp-229123781-0] INFO  [me.daoke.roadrank.intercepter.SignSpringActionHandler] - Content-Type:application/x-www-form-urlencoded; charset=UTF-8
2016-04-22 11:23:03,290 [1409126300@qtp-229123781-0] INFO  [me.daoke.roadrank.intercepter.SignSpringActionHandler] - Host:localhost:8080
2016-04-22 11:23:03,290 [1409126300@qtp-229123781-0] INFO  [me.daoke.roadrank.intercepter.SignSpringActionHandler] - Connection:Keep-Alive
2016-04-22 11:23:03,290 [1409126300@qtp-229123781-0] INFO  [me.daoke.roadrank.intercepter.SignSpringActionHandler] - User-Agent:Apache-HttpClient/4.3.6 (java 1.5)
2016-04-22 11:23:03,291 [1409126300@qtp-229123781-0] INFO  [me.daoke.roadrank.intercepter.SignSpringActionHandler] - Accept-Encoding:gzip,deflate
2016-04-22 11:47:07,271 [main] WARN  [me.daoke.roadrank.utils.JsonUtil] - parse json string error:me.daoke.roadrank.utils.JsonResult@1f5d9788
com.fasterxml.jackson.core.JsonParseException: Unexpected character ('m' (code 109)): expected a valid value (number, String, array, object, 'true', 'false' or 'null')
 at [Source: java.io.StringReader@666942cb; line: 1, column: 2]
	at com.fasterxml.jackson.core.JsonParser._constructError(JsonParser.java:1284)
	at com.fasterxml.jackson.core.base.ParserMinimalBase._reportError(ParserMinimalBase.java:588)
	at com.fasterxml.jackson.core.base.ParserMinimalBase._reportUnexpectedChar(ParserMinimalBase.java:509)
	at com.fasterxml.jackson.core.json.ReaderBasedJsonParser._handleUnexpectedValue(ReaderBasedJsonParser.java:1206)
	at com.fasterxml.jackson.core.json.ReaderBasedJsonParser.nextToken(ReaderBasedJsonParser.java:497)
	at com.fasterxml.jackson.databind.ObjectMapper._initForReading(ObjectMapper.java:2601)
	at com.fasterxml.jackson.databind.ObjectMapper._readMapAndClose(ObjectMapper.java:2548)
	at com.fasterxml.jackson.databind.ObjectMapper.readValue(ObjectMapper.java:1805)
	at me.daoke.roadrank.utils.JsonUtil.fromJson(JsonUtil.java:102)
	at me.daoke.roadrank.Test.testHttp(Test.java:40)
	at sun.reflect.NativeMethodAccessorImpl.invoke0(Native Method)
	at sun.reflect.NativeMethodAccessorImpl.invoke(NativeMethodAccessorImpl.java:57)
	at sun.reflect.DelegatingMethodAccessorImpl.invoke(DelegatingMethodAccessorImpl.java:43)
	at java.lang.reflect.Method.invoke(Method.java:606)
	at org.junit.runners.model.FrameworkMethod$1.runReflectiveCall(FrameworkMethod.java:47)
	at org.junit.internal.runners.model.ReflectiveCallable.run(ReflectiveCallable.java:12)
	at org.junit.runners.model.FrameworkMethod.invokeExplosively(FrameworkMethod.java:44)
	at org.junit.internal.runners.statements.InvokeMethod.evaluate(InvokeMethod.java:17)
	at org.junit.runners.ParentRunner.runLeaf(ParentRunner.java:271)
	at org.junit.runners.BlockJUnit4ClassRunner.runChild(BlockJUnit4ClassRunner.java:70)
	at org.junit.runners.BlockJUnit4ClassRunner.runChild(BlockJUnit4ClassRunner.java:50)
	at org.junit.runners.ParentRunner$3.run(ParentRunner.java:238)
	at org.junit.runners.ParentRunner$1.schedule(ParentRunner.java:63)
	at org.junit.runners.ParentRunner.runChildren(ParentRunner.java:236)
	at org.junit.runners.ParentRunner.access$000(ParentRunner.java:53)
	at org.junit.runners.ParentRunner$2.evaluate(ParentRunner.java:229)
	at org.junit.runners.ParentRunner.run(ParentRunner.java:309)
	at org.eclipse.jdt.internal.junit4.runner.JUnit4TestReference.run(JUnit4TestReference.java:50)
	at org.eclipse.jdt.internal.junit.runner.TestExecution.run(TestExecution.java:38)
	at org.eclipse.jdt.internal.junit.runner.RemoteTestRunner.runTests(RemoteTestRunner.java:459)
	at org.eclipse.jdt.internal.junit.runner.RemoteTestRunner.runTests(RemoteTestRunner.java:675)
	at org.eclipse.jdt.internal.junit.runner.RemoteTestRunner.run(RemoteTestRunner.java:382)
	at org.eclipse.jdt.internal.junit.runner.RemoteTestRunner.main(RemoteTestRunner.java:192)
2016-04-22 11:48:15,247 [main] WARN  [me.daoke.roadrank.utils.JsonUtil] - parse json string error:me.daoke.roadrank.utils.JsonResult@4fb6b7a5
com.fasterxml.jackson.core.JsonParseException: Unexpected character ('m' (code 109)): expected a valid value (number, String, array, object, 'true', 'false' or 'null')
 at [Source: java.io.StringReader@36a8d6b3; line: 1, column: 2]
	at com.fasterxml.jackson.core.JsonParser._constructError(JsonParser.java:1284)
	at com.fasterxml.jackson.core.base.ParserMinimalBase._reportError(ParserMinimalBase.java:588)
	at com.fasterxml.jackson.core.base.ParserMinimalBase._reportUnexpectedChar(ParserMinimalBase.java:509)
	at com.fasterxml.jackson.core.json.ReaderBasedJsonParser._handleUnexpectedValue(ReaderBasedJsonParser.java:1206)
	at com.fasterxml.jackson.core.json.ReaderBasedJsonParser.nextToken(ReaderBasedJsonParser.java:497)
	at com.fasterxml.jackson.databind.ObjectMapper._initForReading(ObjectMapper.java:2601)
	at com.fasterxml.jackson.databind.ObjectMapper._readMapAndClose(ObjectMapper.java:2548)
	at com.fasterxml.jackson.databind.ObjectMapper.readValue(ObjectMapper.java:1805)
	at me.daoke.roadrank.utils.JsonUtil.fromJson(JsonUtil.java:102)
	at me.daoke.roadrank.Test.testHttp(Test.java:40)
	at sun.reflect.NativeMethodAccessorImpl.invoke0(Native Method)
	at sun.reflect.NativeMethodAccessorImpl.invoke(NativeMethodAccessorImpl.java:57)
	at sun.reflect.DelegatingMethodAccessorImpl.invoke(DelegatingMethodAccessorImpl.java:43)
	at java.lang.reflect.Method.invoke(Method.java:606)
	at org.junit.runners.model.FrameworkMethod$1.runReflectiveCall(FrameworkMethod.java:47)
	at org.junit.internal.runners.model.ReflectiveCallable.run(ReflectiveCallable.java:12)
	at org.junit.runners.model.FrameworkMethod.invokeExplosively(FrameworkMethod.java:44)
	at org.junit.internal.runners.statements.InvokeMethod.evaluate(InvokeMethod.java:17)
	at org.junit.runners.ParentRunner.runLeaf(ParentRunner.java:271)
	at org.junit.runners.BlockJUnit4ClassRunner.runChild(BlockJUnit4ClassRunner.java:70)
	at org.junit.runners.BlockJUnit4ClassRunner.runChild(BlockJUnit4ClassRunner.java:50)
	at org.junit.runners.ParentRunner$3.run(ParentRunner.java:238)
	at org.junit.runners.ParentRunner$1.schedule(ParentRunner.java:63)
	at org.junit.runners.ParentRunner.runChildren(ParentRunner.java:236)
	at org.junit.runners.ParentRunner.access$000(ParentRunner.java:53)
	at org.junit.runners.ParentRunner$2.evaluate(ParentRunner.java:229)
	at org.junit.runners.ParentRunner.run(ParentRunner.java:309)
	at org.eclipse.jdt.internal.junit4.runner.JUnit4TestReference.run(JUnit4TestReference.java:50)
	at org.eclipse.jdt.internal.junit.runner.TestExecution.run(TestExecution.java:38)
	at org.eclipse.jdt.internal.junit.runner.RemoteTestRunner.runTests(RemoteTestRunner.java:459)
	at org.eclipse.jdt.internal.junit.runner.RemoteTestRunner.runTests(RemoteTestRunner.java:675)
	at org.eclipse.jdt.internal.junit.runner.RemoteTestRunner.run(RemoteTestRunner.java:382)
	at org.eclipse.jdt.internal.junit.runner.RemoteTestRunner.main(RemoteTestRunner.java:192)
2016-04-22 11:50:08,239 [main] WARN  [me.daoke.roadrank.utils.JsonUtil] - parse json string error:me.daoke.roadrank.utils.JsonResult@31e5a47a
com.fasterxml.jackson.core.JsonParseException: Unexpected character ('m' (code 109)): expected a valid value (number, String, array, object, 'true', 'false' or 'null')
 at [Source: java.io.StringReader@3764253e; line: 1, column: 2]
	at com.fasterxml.jackson.core.JsonParser._constructError(JsonParser.java:1284)
	at com.fasterxml.jackson.core.base.ParserMinimalBase._reportError(ParserMinimalBase.java:588)
	at com.fasterxml.jackson.core.base.ParserMinimalBase._reportUnexpectedChar(ParserMinimalBase.java:509)
	at com.fasterxml.jackson.core.json.ReaderBasedJsonParser._handleUnexpectedValue(ReaderBasedJsonParser.java:1206)
	at com.fasterxml.jackson.core.json.ReaderBasedJsonParser.nextToken(ReaderBasedJsonParser.java:497)
	at com.fasterxml.jackson.databind.ObjectMapper._initForReading(ObjectMapper.java:2601)
	at com.fasterxml.jackson.databind.ObjectMapper._readMapAndClose(ObjectMapper.java:2548)
	at com.fasterxml.jackson.databind.ObjectMapper.readValue(ObjectMapper.java:1805)
	at me.daoke.roadrank.utils.JsonUtil.fromJson(JsonUtil.java:102)
	at me.daoke.roadrank.Test.testHttp(Test.java:40)
	at sun.reflect.NativeMethodAccessorImpl.invoke0(Native Method)
	at sun.reflect.NativeMethodAccessorImpl.invoke(NativeMethodAccessorImpl.java:57)
	at sun.reflect.DelegatingMethodAccessorImpl.invoke(DelegatingMethodAccessorImpl.java:43)
	at java.lang.reflect.Method.invoke(Method.java:606)
	at org.junit.runners.model.FrameworkMethod$1.runReflectiveCall(FrameworkMethod.java:47)
	at org.junit.internal.runners.model.ReflectiveCallable.run(ReflectiveCallable.java:12)
	at org.junit.runners.model.FrameworkMethod.invokeExplosively(FrameworkMethod.java:44)
	at org.junit.internal.runners.statements.InvokeMethod.evaluate(InvokeMethod.java:17)
	at org.junit.runners.ParentRunner.runLeaf(ParentRunner.java:271)
	at org.junit.runners.BlockJUnit4ClassRunner.runChild(BlockJUnit4ClassRunner.java:70)
	at org.junit.runners.BlockJUnit4ClassRunner.runChild(BlockJUnit4ClassRunner.java:50)
	at org.junit.runners.ParentRunner$3.run(ParentRunner.java:238)
	at org.junit.runners.ParentRunner$1.schedule(ParentRunner.java:63)
	at org.junit.runners.ParentRunner.runChildren(ParentRunner.java:236)
	at org.junit.runners.ParentRunner.access$000(ParentRunner.java:53)
	at org.junit.runners.ParentRunner$2.evaluate(ParentRunner.java:229)
	at org.junit.runners.ParentRunner.run(ParentRunner.java:309)
	at org.eclipse.jdt.internal.junit4.runner.JUnit4TestReference.run(JUnit4TestReference.java:50)
	at org.eclipse.jdt.internal.junit.runner.TestExecution.run(TestExecution.java:38)
	at org.eclipse.jdt.internal.junit.runner.RemoteTestRunner.runTests(RemoteTestRunner.java:459)
	at org.eclipse.jdt.internal.junit.runner.RemoteTestRunner.runTests(RemoteTestRunner.java:675)
	at org.eclipse.jdt.internal.junit.runner.RemoteTestRunner.run(RemoteTestRunner.java:382)
	at org.eclipse.jdt.internal.junit.runner.RemoteTestRunner.main(RemoteTestRunner.java:192)
2016-04-22 11:50:36,589 [main] WARN  [me.daoke.roadrank.utils.JsonUtil] - parse json string error:me.daoke.roadrank.utils.JsonResult@360548eb
com.fasterxml.jackson.core.JsonParseException: Unexpected character ('m' (code 109)): expected a valid value (number, String, array, object, 'true', 'false' or 'null')
 at [Source: java.io.StringReader@77716910; line: 1, column: 2]
	at com.fasterxml.jackson.core.JsonParser._constructError(JsonParser.java:1284)
	at com.fasterxml.jackson.core.base.ParserMinimalBase._reportError(ParserMinimalBase.java:588)
	at com.fasterxml.jackson.core.base.ParserMinimalBase._reportUnexpectedChar(ParserMinimalBase.java:509)
	at com.fasterxml.jackson.core.json.ReaderBasedJsonParser._handleUnexpectedValue(ReaderBasedJsonParser.java:1206)
	at com.fasterxml.jackson.core.json.ReaderBasedJsonParser.nextToken(ReaderBasedJsonParser.java:497)
	at com.fasterxml.jackson.databind.ObjectMapper._initForReading(ObjectMapper.java:2601)
	at com.fasterxml.jackson.databind.ObjectMapper._readMapAndClose(ObjectMapper.java:2548)
	at com.fasterxml.jackson.databind.ObjectMapper.readValue(ObjectMapper.java:1805)
	at me.daoke.roadrank.utils.JsonUtil.fromJson(JsonUtil.java:102)
	at me.daoke.roadrank.Test.testHttp(Test.java:40)
	at sun.reflect.NativeMethodAccessorImpl.invoke0(Native Method)
	at sun.reflect.NativeMethodAccessorImpl.invoke(NativeMethodAccessorImpl.java:57)
	at sun.reflect.DelegatingMethodAccessorImpl.invoke(DelegatingMethodAccessorImpl.java:43)
	at java.lang.reflect.Method.invoke(Method.java:606)
	at org.junit.runners.model.FrameworkMethod$1.runReflectiveCall(FrameworkMethod.java:47)
	at org.junit.internal.runners.model.ReflectiveCallable.run(ReflectiveCallable.java:12)
	at org.junit.runners.model.FrameworkMethod.invokeExplosively(FrameworkMethod.java:44)
	at org.junit.internal.runners.statements.InvokeMethod.evaluate(InvokeMethod.java:17)
	at org.junit.runners.ParentRunner.runLeaf(ParentRunner.java:271)
	at org.junit.runners.BlockJUnit4ClassRunner.runChild(BlockJUnit4ClassRunner.java:70)
	at org.junit.runners.BlockJUnit4ClassRunner.runChild(BlockJUnit4ClassRunner.java:50)
	at org.junit.runners.ParentRunner$3.run(ParentRunner.java:238)
	at org.junit.runners.ParentRunner$1.schedule(ParentRunner.java:63)
	at org.junit.runners.ParentRunner.runChildren(ParentRunner.java:236)
	at org.junit.runners.ParentRunner.access$000(ParentRunner.java:53)
	at org.junit.runners.ParentRunner$2.evaluate(ParentRunner.java:229)
	at org.junit.runners.ParentRunner.run(ParentRunner.java:309)
	at org.eclipse.jdt.internal.junit4.runner.JUnit4TestReference.run(JUnit4TestReference.java:50)
	at org.eclipse.jdt.internal.junit.runner.TestExecution.run(TestExecution.java:38)
	at org.eclipse.jdt.internal.junit.runner.RemoteTestRunner.runTests(RemoteTestRunner.java:459)
	at org.eclipse.jdt.internal.junit.runner.RemoteTestRunner.runTests(RemoteTestRunner.java:675)
	at org.eclipse.jdt.internal.junit.runner.RemoteTestRunner.run(RemoteTestRunner.java:382)
	at org.eclipse.jdt.internal.junit.runner.RemoteTestRunner.main(RemoteTestRunner.java:192)
2016-04-22 11:51:25,360 [main] WARN  [me.daoke.roadrank.utils.JsonUtil] - parse json string error:me.daoke.roadrank.utils.JsonResult@69886979
com.fasterxml.jackson.core.JsonParseException: Unexpected character ('m' (code 109)): expected a valid value (number, String, array, object, 'true', 'false' or 'null')
 at [Source: java.io.StringReader@483ad415; line: 1, column: 2]
	at com.fasterxml.jackson.core.JsonParser._constructError(JsonParser.java:1284)
	at com.fasterxml.jackson.core.base.ParserMinimalBase._reportError(ParserMinimalBase.java:588)
	at com.fasterxml.jackson.core.base.ParserMinimalBase._reportUnexpectedChar(ParserMinimalBase.java:509)
	at com.fasterxml.jackson.core.json.ReaderBasedJsonParser._handleUnexpectedValue(ReaderBasedJsonParser.java:1206)
	at com.fasterxml.jackson.core.json.ReaderBasedJsonParser.nextToken(ReaderBasedJsonParser.java:497)
	at com.fasterxml.jackson.databind.ObjectMapper._initForReading(ObjectMapper.java:2601)
	at com.fasterxml.jackson.databind.ObjectMapper._readMapAndClose(ObjectMapper.java:2548)
	at com.fasterxml.jackson.databind.ObjectMapper.readValue(ObjectMapper.java:1805)
	at me.daoke.roadrank.utils.JsonUtil.fromJson(JsonUtil.java:102)
	at me.daoke.roadrank.Test.testHttp(Test.java:40)
	at sun.reflect.NativeMethodAccessorImpl.invoke0(Native Method)
	at sun.reflect.NativeMethodAccessorImpl.invoke(NativeMethodAccessorImpl.java:57)
	at sun.reflect.DelegatingMethodAccessorImpl.invoke(DelegatingMethodAccessorImpl.java:43)
	at java.lang.reflect.Method.invoke(Method.java:606)
	at org.junit.runners.model.FrameworkMethod$1.runReflectiveCall(FrameworkMethod.java:47)
	at org.junit.internal.runners.model.ReflectiveCallable.run(ReflectiveCallable.java:12)
	at org.junit.runners.model.FrameworkMethod.invokeExplosively(FrameworkMethod.java:44)
	at org.junit.internal.runners.statements.InvokeMethod.evaluate(InvokeMethod.java:17)
	at org.junit.runners.ParentRunner.runLeaf(ParentRunner.java:271)
	at org.junit.runners.BlockJUnit4ClassRunner.runChild(BlockJUnit4ClassRunner.java:70)
	at org.junit.runners.BlockJUnit4ClassRunner.runChild(BlockJUnit4ClassRunner.java:50)
	at org.junit.runners.ParentRunner$3.run(ParentRunner.java:238)
	at org.junit.runners.ParentRunner$1.schedule(ParentRunner.java:63)
	at org.junit.runners.ParentRunner.runChildren(ParentRunner.java:236)
	at org.junit.runners.ParentRunner.access$000(ParentRunner.java:53)
	at org.junit.runners.ParentRunner$2.evaluate(ParentRunner.java:229)
	at org.junit.runners.ParentRunner.run(ParentRunner.java:309)
	at org.eclipse.jdt.internal.junit4.runner.JUnit4TestReference.run(JUnit4TestReference.java:50)
	at org.eclipse.jdt.internal.junit.runner.TestExecution.run(TestExecution.java:38)
	at org.eclipse.jdt.internal.junit.runner.RemoteTestRunner.runTests(RemoteTestRunner.java:459)
	at org.eclipse.jdt.internal.junit.runner.RemoteTestRunner.runTests(RemoteTestRunner.java:675)
	at org.eclipse.jdt.internal.junit.runner.RemoteTestRunner.run(RemoteTestRunner.java:382)
	at org.eclipse.jdt.internal.junit.runner.RemoteTestRunner.main(RemoteTestRunner.java:192)
2016-04-22 11:52:51,359 [main] WARN  [me.daoke.roadrank.utils.JsonUtil] - parse json string error:me.daoke.roadrank.utils.JsonResult@7e138f1b
com.fasterxml.jackson.core.JsonParseException: Unexpected character ('m' (code 109)): expected a valid value (number, String, array, object, 'true', 'false' or 'null')
 at [Source: java.io.StringReader@646a2ff0; line: 1, column: 2]
	at com.fasterxml.jackson.core.JsonParser._constructError(JsonParser.java:1284)
	at com.fasterxml.jackson.core.base.ParserMinimalBase._reportError(ParserMinimalBase.java:588)
	at com.fasterxml.jackson.core.base.ParserMinimalBase._reportUnexpectedChar(ParserMinimalBase.java:509)
	at com.fasterxml.jackson.core.json.ReaderBasedJsonParser._handleUnexpectedValue(ReaderBasedJsonParser.java:1206)
	at com.fasterxml.jackson.core.json.ReaderBasedJsonParser.nextToken(ReaderBasedJsonParser.java:497)
	at com.fasterxml.jackson.databind.ObjectMapper._initForReading(ObjectMapper.java:2601)
	at com.fasterxml.jackson.databind.ObjectMapper._readMapAndClose(ObjectMapper.java:2548)
	at com.fasterxml.jackson.databind.ObjectMapper.readValue(ObjectMapper.java:1805)
	at me.daoke.roadrank.utils.JsonUtil.fromJson(JsonUtil.java:102)
	at me.daoke.roadrank.Test.testHttp(Test.java:40)
	at sun.reflect.NativeMethodAccessorImpl.invoke0(Native Method)
	at sun.reflect.NativeMethodAccessorImpl.invoke(NativeMethodAccessorImpl.java:57)
	at sun.reflect.DelegatingMethodAccessorImpl.invoke(DelegatingMethodAccessorImpl.java:43)
	at java.lang.reflect.Method.invoke(Method.java:606)
	at org.junit.runners.model.FrameworkMethod$1.runReflectiveCall(FrameworkMethod.java:47)
	at org.junit.internal.runners.model.ReflectiveCallable.run(ReflectiveCallable.java:12)
	at org.junit.runners.model.FrameworkMethod.invokeExplosively(FrameworkMethod.java:44)
	at org.junit.internal.runners.statements.InvokeMethod.evaluate(InvokeMethod.java:17)
	at org.junit.runners.ParentRunner.runLeaf(ParentRunner.java:271)
	at org.junit.runners.BlockJUnit4ClassRunner.runChild(BlockJUnit4ClassRunner.java:70)
	at org.junit.runners.BlockJUnit4ClassRunner.runChild(BlockJUnit4ClassRunner.java:50)
	at org.junit.runners.ParentRunner$3.run(ParentRunner.java:238)
	at org.junit.runners.ParentRunner$1.schedule(ParentRunner.java:63)
	at org.junit.runners.ParentRunner.runChildren(ParentRunner.java:236)
	at org.junit.runners.ParentRunner.access$000(ParentRunner.java:53)
	at org.junit.runners.ParentRunner$2.evaluate(ParentRunner.java:229)
	at org.junit.runners.ParentRunner.run(ParentRunner.java:309)
	at org.eclipse.jdt.internal.junit4.runner.JUnit4TestReference.run(JUnit4TestReference.java:50)
	at org.eclipse.jdt.internal.junit.runner.TestExecution.run(TestExecution.java:38)
	at org.eclipse.jdt.internal.junit.runner.RemoteTestRunner.runTests(RemoteTestRunner.java:459)
	at org.eclipse.jdt.internal.junit.runner.RemoteTestRunner.runTests(RemoteTestRunner.java:675)
	at org.eclipse.jdt.internal.junit.runner.RemoteTestRunner.run(RemoteTestRunner.java:382)
	at org.eclipse.jdt.internal.junit.runner.RemoteTestRunner.main(RemoteTestRunner.java:192)
2016-04-22 11:54:18,111 [main] WARN  [me.daoke.roadrank.utils.JsonUtil] - parse json string error:me.daoke.roadrank.utils.JsonResult@6ec4f11
com.fasterxml.jackson.core.JsonParseException: Unexpected character ('m' (code 109)): expected a valid value (number, String, array, object, 'true', 'false' or 'null')
 at [Source: java.io.StringReader@2fdb4ce5; line: 1, column: 2]
	at com.fasterxml.jackson.core.JsonParser._constructError(JsonParser.java:1284)
	at com.fasterxml.jackson.core.base.ParserMinimalBase._reportError(ParserMinimalBase.java:588)
	at com.fasterxml.jackson.core.base.ParserMinimalBase._reportUnexpectedChar(ParserMinimalBase.java:509)
	at com.fasterxml.jackson.core.json.ReaderBasedJsonParser._handleUnexpectedValue(ReaderBasedJsonParser.java:1206)
	at com.fasterxml.jackson.core.json.ReaderBasedJsonParser.nextToken(ReaderBasedJsonParser.java:497)
	at com.fasterxml.jackson.databind.ObjectMapper._initForReading(ObjectMapper.java:2601)
	at com.fasterxml.jackson.databind.ObjectMapper._readMapAndClose(ObjectMapper.java:2548)
	at com.fasterxml.jackson.databind.ObjectMapper.readValue(ObjectMapper.java:1805)
	at me.daoke.roadrank.utils.JsonUtil.fromJson(JsonUtil.java:102)
	at me.daoke.roadrank.Test.testHttp(Test.java:40)
	at sun.reflect.NativeMethodAccessorImpl.invoke0(Native Method)
	at sun.reflect.NativeMethodAccessorImpl.invoke(NativeMethodAccessorImpl.java:57)
	at sun.reflect.DelegatingMethodAccessorImpl.invoke(DelegatingMethodAccessorImpl.java:43)
	at java.lang.reflect.Method.invoke(Method.java:606)
	at org.junit.runners.model.FrameworkMethod$1.runReflectiveCall(FrameworkMethod.java:47)
	at org.junit.internal.runners.model.ReflectiveCallable.run(ReflectiveCallable.java:12)
	at org.junit.runners.model.FrameworkMethod.invokeExplosively(FrameworkMethod.java:44)
	at org.junit.internal.runners.statements.InvokeMethod.evaluate(InvokeMethod.java:17)
	at org.junit.runners.ParentRunner.runLeaf(ParentRunner.java:271)
	at org.junit.runners.BlockJUnit4ClassRunner.runChild(BlockJUnit4ClassRunner.java:70)
	at org.junit.runners.BlockJUnit4ClassRunner.runChild(BlockJUnit4ClassRunner.java:50)
	at org.junit.runners.ParentRunner$3.run(ParentRunner.java:238)
	at org.junit.runners.ParentRunner$1.schedule(ParentRunner.java:63)
	at org.junit.runners.ParentRunner.runChildren(ParentRunner.java:236)
	at org.junit.runners.ParentRunner.access$000(ParentRunner.java:53)
	at org.junit.runners.ParentRunner$2.evaluate(ParentRunner.java:229)
	at org.junit.runners.ParentRunner.run(ParentRunner.java:309)
	at org.eclipse.jdt.internal.junit4.runner.JUnit4TestReference.run(JUnit4TestReference.java:50)
	at org.eclipse.jdt.internal.junit.runner.TestExecution.run(TestExecution.java:38)
	at org.eclipse.jdt.internal.junit.runner.RemoteTestRunner.runTests(RemoteTestRunner.java:459)
	at org.eclipse.jdt.internal.junit.runner.RemoteTestRunner.runTests(RemoteTestRunner.java:675)
	at org.eclipse.jdt.internal.junit.runner.RemoteTestRunner.run(RemoteTestRunner.java:382)
	at org.eclipse.jdt.internal.junit.runner.RemoteTestRunner.main(RemoteTestRunner.java:192)
2016-04-22 11:55:49,612 [1538379368@qtp-781124024-0] INFO  [me.daoke.roadrank.intercepter.SignInterceptor] - sign:lu64o3ul5m
2016-04-22 11:55:49,613 [1538379368@qtp-781124024-0] INFO  [me.daoke.roadrank.intercepter.SignInterceptor] - timestamp:lu64o3ul5m
2016-04-22 11:55:49,613 [1538379368@qtp-781124024-0] INFO  [me.daoke.roadrank.intercepter.SignInterceptor] - token:lu64o3ul5m
2016-04-22 11:55:49,613 [1538379368@qtp-781124024-0] INFO  [me.daoke.roadrank.intercepter.SignInterceptor] - appkey:3987311677
2016-04-22 11:55:49,613 [1538379368@qtp-781124024-0] INFO  [me.daoke.roadrank.intercepter.SignInterceptor] - accountid:zMm6mlT7jM
2016-04-22 11:55:49,613 [1538379368@qtp-781124024-0] INFO  [me.daoke.roadrank.intercepter.SignInterceptor] - Content-Length:45
2016-04-22 11:55:49,613 [1538379368@qtp-781124024-0] INFO  [me.daoke.roadrank.intercepter.SignInterceptor] - Content-Type:application/x-www-form-urlencoded; charset=UTF-8
2016-04-22 11:55:49,613 [1538379368@qtp-781124024-0] INFO  [me.daoke.roadrank.intercepter.SignInterceptor] - Host:localhost:8080
2016-04-22 11:55:49,613 [1538379368@qtp-781124024-0] INFO  [me.daoke.roadrank.intercepter.SignInterceptor] - Connection:Keep-Alive
2016-04-22 11:55:49,613 [1538379368@qtp-781124024-0] INFO  [me.daoke.roadrank.intercepter.SignInterceptor] - User-Agent:Apache-HttpClient/4.3.6 (java 1.5)
2016-04-22 11:55:49,613 [1538379368@qtp-781124024-0] INFO  [me.daoke.roadrank.intercepter.SignInterceptor] - Accept-Encoding:gzip,deflate
