2016-04-24 11:34:06,670 [736064984@qtp-445208196-0] INFO  [me.daoke.roadrank.intercepter.SignInterceptor] - sign:lu64o3ul5m
2016-04-24 11:34:06,671 [736064984@qtp-445208196-0] INFO  [me.daoke.roadrank.intercepter.SignInterceptor] - timestamp:lu64o3ul5m
2016-04-24 11:34:06,671 [736064984@qtp-445208196-0] INFO  [me.daoke.roadrank.intercepter.SignInterceptor] - token:lu64o3ul5m
2016-04-24 11:34:06,671 [736064984@qtp-445208196-0] INFO  [me.daoke.roadrank.intercepter.SignInterceptor] - appkey:3987311677
2016-04-24 11:34:06,671 [736064984@qtp-445208196-0] INFO  [me.daoke.roadrank.intercepter.SignInterceptor] - accountid:zMm6mlT7jM
2016-04-24 11:34:06,671 [736064984@qtp-445208196-0] INFO  [me.daoke.roadrank.intercepter.SignInterceptor] - Content-Length:51
2016-04-24 11:34:06,672 [736064984@qtp-445208196-0] INFO  [me.daoke.roadrank.intercepter.SignInterceptor] - Content-Type:application/json; charset=utf-8
2016-04-24 11:34:06,672 [736064984@qtp-445208196-0] INFO  [me.daoke.roadrank.intercepter.SignInterceptor] - Content-Encoding:UTF-8
2016-04-24 11:34:06,672 [736064984@qtp-445208196-0] INFO  [me.daoke.roadrank.intercepter.SignInterceptor] - Host:localhost:8080
2016-04-24 11:34:06,672 [736064984@qtp-445208196-0] INFO  [me.daoke.roadrank.intercepter.SignInterceptor] - Connection:Keep-Alive
2016-04-24 11:34:06,672 [736064984@qtp-445208196-0] INFO  [me.daoke.roadrank.intercepter.SignInterceptor] - User-Agent:Apache-HttpClient/4.3.6 (java 1.5)
2016-04-24 11:34:06,672 [736064984@qtp-445208196-0] INFO  [me.daoke.roadrank.intercepter.SignInterceptor] - Accept-Encoding:gzip,deflate
2016-04-24 11:34:35,221 [736064984@qtp-445208196-0] ERROR [500.jsp] - 
### Error querying database.  Cause: com.mysql.jdbc.exceptions.jdbc4.MySQLSyntaxErrorException: Table 'weme_car.loginconfig' doesn't exist
### The error may exist in file [/Users/hujinhu/workspace/daoke/daoke-roadrank-web/target/classes/mapper/roadrank/LoginConfigMapper.xml]
### The error may involve me.daoke.roadrank.dao.LoginConfigMapper.selectByExample-Inline
### The error occurred while setting parameters
### SQL: select                      id, appKey, base, roadRank, sicong, userInfo         from loginconfig                         WHERE (  appKey = ? )
### Cause: com.mysql.jdbc.exceptions.jdbc4.MySQLSyntaxErrorException: Table 'weme_car.loginconfig' doesn't exist
; bad SQL grammar []; nested exception is com.mysql.jdbc.exceptions.jdbc4.MySQLSyntaxErrorException: Table 'weme_car.loginconfig' doesn't exist
org.springframework.jdbc.BadSqlGrammarException: 
### Error querying database.  Cause: com.mysql.jdbc.exceptions.jdbc4.MySQLSyntaxErrorException: Table 'weme_car.loginconfig' doesn't exist
### The error may exist in file [/Users/hujinhu/workspace/daoke/daoke-roadrank-web/target/classes/mapper/roadrank/LoginConfigMapper.xml]
### The error may involve me.daoke.roadrank.dao.LoginConfigMapper.selectByExample-Inline
### The error occurred while setting parameters
### SQL: select                      id, appKey, base, roadRank, sicong, userInfo         from loginconfig                         WHERE (  appKey = ? )
### Cause: com.mysql.jdbc.exceptions.jdbc4.MySQLSyntaxErrorException: Table 'weme_car.loginconfig' doesn't exist
; bad SQL grammar []; nested exception is com.mysql.jdbc.exceptions.jdbc4.MySQLSyntaxErrorException: Table 'weme_car.loginconfig' doesn't exist
	at org.springframework.jdbc.support.SQLErrorCodeSQLExceptionTranslator.doTranslate(SQLErrorCodeSQLExceptionTranslator.java:231)
	at org.springframework.jdbc.support.AbstractFallbackSQLExceptionTranslator.translate(AbstractFallbackSQLExceptionTranslator.java:73)
	at org.mybatis.spring.MyBatisExceptionTranslator.translateExceptionIfPossible(MyBatisExceptionTranslator.java:71)
	at org.mybatis.spring.SqlSessionTemplate$SqlSessionInterceptor.invoke(SqlSessionTemplate.java:365)
	at com.sun.proxy.$Proxy14.selectList(Unknown Source)
	at org.mybatis.spring.SqlSessionTemplate.selectList(SqlSessionTemplate.java:195)
	at org.apache.ibatis.binding.MapperMethod.executeForMany(MapperMethod.java:114)
	at org.apache.ibatis.binding.MapperMethod.execute(MapperMethod.java:58)
	at org.apache.ibatis.binding.MapperProxy.invoke(MapperProxy.java:43)
	at com.sun.proxy.$Proxy25.selectByExample(Unknown Source)
	at me.daoke.roadrank.service.impl.LoginConfigServiceImpl.getByappKey(LoginConfigServiceImpl.java:25)
	at me.daoke.roadrank.service.impl.LoginConfigServiceImpl$$FastClassBySpringCGLIB$$9fd5e215.invoke(<generated>)
	at org.springframework.cglib.proxy.MethodProxy.invoke(MethodProxy.java:204)
	at org.springframework.aop.framework.CglibAopProxy$CglibMethodInvocation.invokeJoinpoint(CglibAopProxy.java:720)
	at org.springframework.aop.framework.ReflectiveMethodInvocation.proceed(ReflectiveMethodInvocation.java:157)
	at org.springframework.transaction.interceptor.TransactionInterceptor$1.proceedWithInvocation(TransactionInterceptor.java:99)
	at org.springframework.transaction.interceptor.TransactionAspectSupport.invokeWithinTransaction(TransactionAspectSupport.java:281)
	at org.springframework.transaction.interceptor.TransactionInterceptor.invoke(TransactionInterceptor.java:96)
	at org.springframework.aop.framework.ReflectiveMethodInvocation.proceed(ReflectiveMethodInvocation.java:179)
	at org.springframework.aop.framework.CglibAopProxy$DynamicAdvisedInterceptor.intercept(CglibAopProxy.java:655)
	at me.daoke.roadrank.service.impl.LoginConfigServiceImpl$$EnhancerBySpringCGLIB$$32a86cc1.getByappKey(<generated>)
	at me.daoke.roadrank.controller.LoginController.login(LoginController.java:32)
	at sun.reflect.NativeMethodAccessorImpl.invoke0(Native Method)
	at sun.reflect.NativeMethodAccessorImpl.invoke(NativeMethodAccessorImpl.java:57)
	at sun.reflect.DelegatingMethodAccessorImpl.invoke(DelegatingMethodAccessorImpl.java:43)
	at java.lang.reflect.Method.invoke(Method.java:606)
	at org.springframework.web.method.support.InvocableHandlerMethod.doInvoke(InvocableHandlerMethod.java:221)
	at org.springframework.web.method.support.InvocableHandlerMethod.invokeForRequest(InvocableHandlerMethod.java:136)
	at org.springframework.web.servlet.mvc.method.annotation.ServletInvocableHandlerMethod.invokeAndHandle(ServletInvocableHandlerMethod.java:110)
	at org.springframework.web.servlet.mvc.method.annotation.RequestMappingHandlerAdapter.invokeHandlerMethod(RequestMappingHandlerAdapter.java:817)
	at org.springframework.web.servlet.mvc.method.annotation.RequestMappingHandlerAdapter.handleInternal(RequestMappingHandlerAdapter.java:731)
	at org.springframework.web.servlet.mvc.method.AbstractHandlerMethodAdapter.handle(AbstractHandlerMethodAdapter.java:85)
	at org.springframework.web.servlet.DispatcherServlet.doDispatch(DispatcherServlet.java:959)
	at org.springframework.web.servlet.DispatcherServlet.doService(DispatcherServlet.java:893)
	at org.springframework.web.servlet.FrameworkServlet.processRequest(FrameworkServlet.java:968)
	at org.springframework.web.servlet.FrameworkServlet.doPost(FrameworkServlet.java:870)
	at javax.servlet.http.HttpServlet.service(HttpServlet.java:727)
	at org.springframework.web.servlet.FrameworkServlet.service(FrameworkServlet.java:844)
	at javax.servlet.http.HttpServlet.service(HttpServlet.java:820)
	at org.mortbay.jetty.servlet.ServletHolder.handle(ServletHolder.java:511)
	at org.mortbay.jetty.servlet.ServletHandler$CachedChain.doFilter(ServletHandler.java:1221)
	at org.springframework.web.filter.CharacterEncodingFilter.doFilterInternal(CharacterEncodingFilter.java:121)
	at org.springframework.web.filter.OncePerRequestFilter.doFilter(OncePerRequestFilter.java:107)
	at org.mortbay.jetty.servlet.ServletHandler$CachedChain.doFilter(ServletHandler.java:1212)
	at org.mortbay.jetty.servlet.ServletHandler.handle(ServletHandler.java:399)
	at org.mortbay.jetty.security.SecurityHandler.handle(SecurityHandler.java:216)
	at org.mortbay.jetty.servlet.SessionHandler.handle(SessionHandler.java:182)
	at org.mortbay.jetty.handler.ContextHandler.handle(ContextHandler.java:766)
	at org.mortbay.jetty.webapp.WebAppContext.handle(WebAppContext.java:450)
	at org.mortbay.jetty.handler.HandlerWrapper.handle(HandlerWrapper.java:152)
	at org.mortbay.jetty.Server.handle(Server.java:326)
	at org.mortbay.jetty.HttpConnection.handleRequest(HttpConnection.java:542)
	at org.mortbay.jetty.HttpConnection$RequestHandler.content(HttpConnection.java:945)
	at org.mortbay.jetty.HttpParser.parseNext(HttpParser.java:756)
	at org.mortbay.jetty.HttpParser.parseAvailable(HttpParser.java:218)
	at org.mortbay.jetty.HttpConnection.handle(HttpConnection.java:404)
	at org.mortbay.io.nio.SelectChannelEndPoint.run(SelectChannelEndPoint.java:410)
	at org.mortbay.thread.QueuedThreadPool$PoolThread.run(QueuedThreadPool.java:582)
Caused by: com.mysql.jdbc.exceptions.jdbc4.MySQLSyntaxErrorException: Table 'weme_car.loginconfig' doesn't exist
	at sun.reflect.NativeConstructorAccessorImpl.newInstance0(Native Method)
	at sun.reflect.NativeConstructorAccessorImpl.newInstance(NativeConstructorAccessorImpl.java:57)
	at sun.reflect.DelegatingConstructorAccessorImpl.newInstance(DelegatingConstructorAccessorImpl.java:45)
	at java.lang.reflect.Constructor.newInstance(Constructor.java:526)
	at com.mysql.jdbc.Util.handleNewInstance(Util.java:411)
	at com.mysql.jdbc.Util.getInstance(Util.java:386)
	at com.mysql.jdbc.SQLError.createSQLException(SQLError.java:1053)
	at com.mysql.jdbc.MysqlIO.checkErrorPacket(MysqlIO.java:4074)
	at com.mysql.jdbc.MysqlIO.checkErrorPacket(MysqlIO.java:4006)
	at com.mysql.jdbc.MysqlIO.sendCommand(MysqlIO.java:2468)
	at com.mysql.jdbc.MysqlIO.sqlQueryDirect(MysqlIO.java:2629)
	at com.mysql.jdbc.ConnectionImpl.execSQL(ConnectionImpl.java:2719)
	at com.mysql.jdbc.PreparedStatement.executeInternal(PreparedStatement.java:2155)
	at com.mysql.jdbc.PreparedStatement.execute(PreparedStatement.java:1379)
	at sun.reflect.NativeMethodAccessorImpl.invoke0(Native Method)
	at sun.reflect.NativeMethodAccessorImpl.invoke(NativeMethodAccessorImpl.java:57)
	at sun.reflect.DelegatingMethodAccessorImpl.invoke(DelegatingMethodAccessorImpl.java:43)
	at java.lang.reflect.Method.invoke(Method.java:606)
	at org.apache.tomcat.jdbc.pool.interceptor.AbstractQueryReport$StatementProxy.invoke(AbstractQueryReport.java:235)
	at com.sun.proxy.$Proxy36.execute(Unknown Source)
	at sun.reflect.NativeMethodAccessorImpl.invoke0(Native Method)
	at sun.reflect.NativeMethodAccessorImpl.invoke(NativeMethodAccessorImpl.java:57)
	at sun.reflect.DelegatingMethodAccessorImpl.invoke(DelegatingMethodAccessorImpl.java:43)
	at java.lang.reflect.Method.invoke(Method.java:606)
	at org.apache.tomcat.jdbc.pool.interceptor.AbstractQueryReport$StatementProxy.invoke(AbstractQueryReport.java:235)
	at com.sun.proxy.$Proxy36.execute(Unknown Source)
	at org.apache.ibatis.executor.statement.PreparedStatementHandler.query(PreparedStatementHandler.java:56)
	at org.apache.ibatis.executor.statement.RoutingStatementHandler.query(RoutingStatementHandler.java:70)
	at org.apache.ibatis.executor.SimpleExecutor.doQuery(SimpleExecutor.java:57)
	at org.apache.ibatis.executor.BaseExecutor.queryFromDatabase(BaseExecutor.java:259)
	at org.apache.ibatis.executor.BaseExecutor.query(BaseExecutor.java:132)
	at org.apache.ibatis.executor.CachingExecutor.query(CachingExecutor.java:105)
	at org.apache.ibatis.executor.CachingExecutor.query(CachingExecutor.java:81)
	at org.apache.ibatis.session.defaults.DefaultSqlSession.selectList(DefaultSqlSession.java:104)
	at org.apache.ibatis.session.defaults.DefaultSqlSession.selectList(DefaultSqlSession.java:98)
	at sun.reflect.NativeMethodAccessorImpl.invoke0(Native Method)
	at sun.reflect.NativeMethodAccessorImpl.invoke(NativeMethodAccessorImpl.java:57)
	at sun.reflect.DelegatingMethodAccessorImpl.invoke(DelegatingMethodAccessorImpl.java:43)
	at java.lang.reflect.Method.invoke(Method.java:606)
	at org.mybatis.spring.SqlSessionTemplate$SqlSessionInterceptor.invoke(SqlSessionTemplate.java:355)
	... 54 more
