2016-04-22 16:02:56,549 [1538379368@qtp-781124024-0] INFO  [me.daoke.roadrank.intercepter.SignInterceptor] - sign:lu64o3ul5m
2016-04-22 16:02:56,550 [1538379368@qtp-781124024-0] INFO  [me.daoke.roadrank.intercepter.SignInterceptor] - timestamp:lu64o3ul5m
2016-04-22 16:02:56,550 [1538379368@qtp-781124024-0] INFO  [me.daoke.roadrank.intercepter.SignInterceptor] - token:lu64o3ul5m
2016-04-22 16:02:56,550 [1538379368@qtp-781124024-0] INFO  [me.daoke.roadrank.intercepter.SignInterceptor] - appkey:3987311677
2016-04-22 16:02:56,550 [1538379368@qtp-781124024-0] INFO  [me.daoke.roadrank.intercepter.SignInterceptor] - accountid:zMm6mlT7jM
2016-04-22 16:02:56,551 [1538379368@qtp-781124024-0] INFO  [me.daoke.roadrank.intercepter.SignInterceptor] - Content-Length:339
2016-04-22 16:02:56,551 [1538379368@qtp-781124024-0] INFO  [me.daoke.roadrank.intercepter.SignInterceptor] - Content-Type:application/json; charset=utf-8
2016-04-22 16:02:56,551 [1538379368@qtp-781124024-0] INFO  [me.daoke.roadrank.intercepter.SignInterceptor] - Content-Encoding:UTF-8
2016-04-22 16:02:56,551 [1538379368@qtp-781124024-0] INFO  [me.daoke.roadrank.intercepter.SignInterceptor] - Host:localhost:8080
2016-04-22 16:02:56,551 [1538379368@qtp-781124024-0] INFO  [me.daoke.roadrank.intercepter.SignInterceptor] - Connection:Keep-Alive
2016-04-22 16:02:56,551 [1538379368@qtp-781124024-0] INFO  [me.daoke.roadrank.intercepter.SignInterceptor] - User-Agent:Apache-HttpClient/4.3.6 (java 1.5)
2016-04-22 16:02:56,551 [1538379368@qtp-781124024-0] INFO  [me.daoke.roadrank.intercepter.SignInterceptor] - Accept-Encoding:gzip,deflate
2016-04-22 16:04:58,785 [main] INFO  [me.daoke.roadrank.Test] - {"sign":"F543D291EBE3E2A0A7E5A540231D90D2648242AB","birthday":"2016-03-03","accountID":"zMm6mlT7jM","sex":"1","carModel":"730","nickName":"科比-布莱恩特","carNumber":"豫G 88888","carBrand":"宝骏","cityName":"上海","cityCode":"310000","headPic":"http:// clubapp.daoke.me/club/resource/head_big.png","introduction":"我为车狂"}
2016-04-22 16:04:59,890 [736064984@qtp-445208196-0] INFO  [me.daoke.roadrank.intercepter.SignInterceptor] - sign:lu64o3ul5m
2016-04-22 16:04:59,891 [736064984@qtp-445208196-0] INFO  [me.daoke.roadrank.intercepter.SignInterceptor] - timestamp:lu64o3ul5m
2016-04-22 16:04:59,891 [736064984@qtp-445208196-0] INFO  [me.daoke.roadrank.intercepter.SignInterceptor] - token:lu64o3ul5m
2016-04-22 16:04:59,891 [736064984@qtp-445208196-0] INFO  [me.daoke.roadrank.intercepter.SignInterceptor] - appkey:3987311677
2016-04-22 16:04:59,891 [736064984@qtp-445208196-0] INFO  [me.daoke.roadrank.intercepter.SignInterceptor] - accountid:zMm6mlT7jM
2016-04-22 16:04:59,891 [736064984@qtp-445208196-0] INFO  [me.daoke.roadrank.intercepter.SignInterceptor] - Content-Length:339
2016-04-22 16:04:59,891 [736064984@qtp-445208196-0] INFO  [me.daoke.roadrank.intercepter.SignInterceptor] - Content-Type:application/json; charset=utf-8
2016-04-22 16:04:59,891 [736064984@qtp-445208196-0] INFO  [me.daoke.roadrank.intercepter.SignInterceptor] - Content-Encoding:UTF-8
2016-04-22 16:04:59,891 [736064984@qtp-445208196-0] INFO  [me.daoke.roadrank.intercepter.SignInterceptor] - Host:localhost:8080
2016-04-22 16:04:59,891 [736064984@qtp-445208196-0] INFO  [me.daoke.roadrank.intercepter.SignInterceptor] - Connection:Keep-Alive
2016-04-22 16:04:59,891 [736064984@qtp-445208196-0] INFO  [me.daoke.roadrank.intercepter.SignInterceptor] - User-Agent:Apache-HttpClient/4.3.6 (java 1.5)
2016-04-22 16:04:59,892 [736064984@qtp-445208196-0] INFO  [me.daoke.roadrank.intercepter.SignInterceptor] - Accept-Encoding:gzip,deflate
2016-04-22 16:05:01,051 [736064984@qtp-445208196-0] ERROR [500.jsp] - com.fasterxml.jackson.databind.ObjectMapper.getFactory()Lcom/fasterxml/jackson/core/JsonFactory;
java.lang.NoSuchMethodError: com.fasterxml.jackson.databind.ObjectMapper.getFactory()Lcom/fasterxml/jackson/core/JsonFactory;
	at org.springframework.http.converter.json.AbstractJackson2HttpMessageConverter.writeInternal(AbstractJackson2HttpMessageConverter.java:235)
	at org.springframework.http.converter.AbstractGenericHttpMessageConverter.write(AbstractGenericHttpMessageConverter.java:100)
	at org.springframework.web.servlet.mvc.method.annotation.AbstractMessageConverterMethodProcessor.writeWithMessageConverters(AbstractMessageConverterMethodProcessor.java:222)
	at org.springframework.web.servlet.mvc.method.annotation.AbstractMessageConverterMethodProcessor.writeWithMessageConverters(AbstractMessageConverterMethodProcessor.java:153)
	at org.springframework.web.servlet.mvc.method.annotation.RequestResponseBodyMethodProcessor.handleReturnValue(RequestResponseBodyMethodProcessor.java:165)
	at org.springframework.web.method.support.HandlerMethodReturnValueHandlerComposite.handleReturnValue(HandlerMethodReturnValueHandlerComposite.java:80)
	at org.springframework.web.servlet.mvc.method.annotation.ServletInvocableHandlerMethod.invokeAndHandle(ServletInvocableHandlerMethod.java:126)
	at org.springframework.web.servlet.mvc.method.annotation.RequestMappingHandlerAdapter.invokeHandlerMethod(RequestMappingHandlerAdapter.java:817)
	at org.springframework.web.servlet.mvc.method.annotation.RequestMappingHandlerAdapter.handleInternal(RequestMappingHandlerAdapter.java:731)
	at org.springframework.web.servlet.mvc.method.AbstractHandlerMethodAdapter.handle(AbstractHandlerMethodAdapter.java:85)
	at org.springframework.web.servlet.DispatcherServlet.doDispatch(DispatcherServlet.java:959)
	at org.springframework.web.servlet.DispatcherServlet.doService(DispatcherServlet.java:893)
	at org.springframework.web.servlet.FrameworkServlet.processRequest(FrameworkServlet.java:968)
	at org.springframework.web.servlet.FrameworkServlet.doPost(FrameworkServlet.java:870)
	at javax.servlet.http.HttpServlet.service(HttpServlet.java:727)
	at org.springframework.web.servlet.FrameworkServlet.service(FrameworkServlet.java:844)
	at javax.servlet.http.HttpServlet.service(HttpServlet.java:820)
	at org.mortbay.jetty.servlet.ServletHolder.handle(ServletHolder.java:511)
	at org.mortbay.jetty.servlet.ServletHandler$CachedChain.doFilter(ServletHandler.java:1221)
	at org.springframework.web.filter.CharacterEncodingFilter.doFilterInternal(CharacterEncodingFilter.java:121)
	at org.springframework.web.filter.OncePerRequestFilter.doFilter(OncePerRequestFilter.java:107)
	at org.mortbay.jetty.servlet.ServletHandler$CachedChain.doFilter(ServletHandler.java:1212)
	at org.mortbay.jetty.servlet.ServletHandler.handle(ServletHandler.java:399)
	at org.mortbay.jetty.security.SecurityHandler.handle(SecurityHandler.java:216)
	at org.mortbay.jetty.servlet.SessionHandler.handle(SessionHandler.java:182)
	at org.mortbay.jetty.handler.ContextHandler.handle(ContextHandler.java:766)
	at org.mortbay.jetty.webapp.WebAppContext.handle(WebAppContext.java:450)
	at org.mortbay.jetty.handler.HandlerWrapper.handle(HandlerWrapper.java:152)
	at org.mortbay.jetty.Server.handle(Server.java:326)
	at org.mortbay.jetty.HttpConnection.handleRequest(HttpConnection.java:542)
	at org.mortbay.jetty.HttpConnection$RequestHandler.content(HttpConnection.java:945)
	at org.mortbay.jetty.HttpParser.parseNext(HttpParser.java:756)
	at org.mortbay.jetty.HttpParser.parseAvailable(HttpParser.java:218)
	at org.mortbay.jetty.HttpConnection.handle(HttpConnection.java:404)
	at org.mortbay.io.nio.SelectChannelEndPoint.run(SelectChannelEndPoint.java:410)
	at org.mortbay.thread.QueuedThreadPool$PoolThread.run(QueuedThreadPool.java:582)
2016-04-22 16:05:01,080 [main] INFO  [me.daoke.roadrank.Test] - 




<!DOCTYPE html PUBLIC "-//W3C//DTD XHTML 1.0 Transitional//EN" "http://www.w3.org/TR/xhtml1/DTD/xhtml1-transitional.dtd">
<html xmlns="http://www.w3.org/1999/xhtml">
<head>
	<title>500 - 系统内部错误</title>
</head>

<body>
	<h2>500 - 系统发生内部错误.</h2>
</body>
</html>

2016-04-22 16:07:58,813 [main] INFO  [me.daoke.roadrank.Test] - {"sign":"F543D291EBE3E2A0A7E5A540231D90D2648242AB","birthday":"2016-03-03","accountID":"zMm6mlT7jM","sex":"1","carModel":"730","nickName":"科比-布莱恩特","carNumber":"豫G 88888","carBrand":"宝骏","cityName":"上海","cityCode":"310000","headPic":"http:// clubapp.daoke.me/club/resource/head_big.png","introduction":"我为车狂"}
2016-04-22 16:07:58,995 [736064984@qtp-445208196-0] INFO  [me.daoke.roadrank.intercepter.SignInterceptor] - sign:lu64o3ul5m
2016-04-22 16:07:58,995 [736064984@qtp-445208196-0] INFO  [me.daoke.roadrank.intercepter.SignInterceptor] - timestamp:lu64o3ul5m
2016-04-22 16:07:58,995 [736064984@qtp-445208196-0] INFO  [me.daoke.roadrank.intercepter.SignInterceptor] - token:lu64o3ul5m
2016-04-22 16:07:58,995 [736064984@qtp-445208196-0] INFO  [me.daoke.roadrank.intercepter.SignInterceptor] - appkey:3987311677
2016-04-22 16:07:58,995 [736064984@qtp-445208196-0] INFO  [me.daoke.roadrank.intercepter.SignInterceptor] - accountid:zMm6mlT7jM
2016-04-22 16:07:58,995 [736064984@qtp-445208196-0] INFO  [me.daoke.roadrank.intercepter.SignInterceptor] - Content-Length:339
2016-04-22 16:07:58,996 [736064984@qtp-445208196-0] INFO  [me.daoke.roadrank.intercepter.SignInterceptor] - Content-Type:application/json; charset=utf-8
2016-04-22 16:07:58,996 [736064984@qtp-445208196-0] INFO  [me.daoke.roadrank.intercepter.SignInterceptor] - Content-Encoding:UTF-8
2016-04-22 16:07:58,996 [736064984@qtp-445208196-0] INFO  [me.daoke.roadrank.intercepter.SignInterceptor] - Host:localhost:8080
2016-04-22 16:07:58,996 [736064984@qtp-445208196-0] INFO  [me.daoke.roadrank.intercepter.SignInterceptor] - Connection:Keep-Alive
2016-04-22 16:07:58,996 [736064984@qtp-445208196-0] INFO  [me.daoke.roadrank.intercepter.SignInterceptor] - User-Agent:Apache-HttpClient/4.3.6 (java 1.5)
2016-04-22 16:07:58,996 [736064984@qtp-445208196-0] INFO  [me.daoke.roadrank.intercepter.SignInterceptor] - Accept-Encoding:gzip,deflate
2016-04-22 16:09:45,438 [736064984@qtp-445208196-0] ERROR [500.jsp] - com.fasterxml.jackson.databind.ObjectMapper.getFactory()Lcom/fasterxml/jackson/core/JsonFactory;
java.lang.NoSuchMethodError: com.fasterxml.jackson.databind.ObjectMapper.getFactory()Lcom/fasterxml/jackson/core/JsonFactory;
	at org.springframework.http.converter.json.AbstractJackson2HttpMessageConverter.writeInternal(AbstractJackson2HttpMessageConverter.java:235)
	at org.springframework.http.converter.AbstractGenericHttpMessageConverter.write(AbstractGenericHttpMessageConverter.java:100)
	at org.springframework.web.servlet.mvc.method.annotation.AbstractMessageConverterMethodProcessor.writeWithMessageConverters(AbstractMessageConverterMethodProcessor.java:222)
	at org.springframework.web.servlet.mvc.method.annotation.AbstractMessageConverterMethodProcessor.writeWithMessageConverters(AbstractMessageConverterMethodProcessor.java:153)
	at org.springframework.web.servlet.mvc.method.annotation.RequestResponseBodyMethodProcessor.handleReturnValue(RequestResponseBodyMethodProcessor.java:165)
	at org.springframework.web.method.support.HandlerMethodReturnValueHandlerComposite.handleReturnValue(HandlerMethodReturnValueHandlerComposite.java:80)
	at org.springframework.web.servlet.mvc.method.annotation.ServletInvocableHandlerMethod.invokeAndHandle(ServletInvocableHandlerMethod.java:126)
	at org.springframework.web.servlet.mvc.method.annotation.RequestMappingHandlerAdapter.invokeHandlerMethod(RequestMappingHandlerAdapter.java:817)
	at org.springframework.web.servlet.mvc.method.annotation.RequestMappingHandlerAdapter.handleInternal(RequestMappingHandlerAdapter.java:731)
	at org.springframework.web.servlet.mvc.method.AbstractHandlerMethodAdapter.handle(AbstractHandlerMethodAdapter.java:85)
	at org.springframework.web.servlet.DispatcherServlet.doDispatch(DispatcherServlet.java:959)
	at org.springframework.web.servlet.DispatcherServlet.doService(DispatcherServlet.java:893)
	at org.springframework.web.servlet.FrameworkServlet.processRequest(FrameworkServlet.java:968)
	at org.springframework.web.servlet.FrameworkServlet.doPost(FrameworkServlet.java:870)
	at javax.servlet.http.HttpServlet.service(HttpServlet.java:727)
	at org.springframework.web.servlet.FrameworkServlet.service(FrameworkServlet.java:844)
	at javax.servlet.http.HttpServlet.service(HttpServlet.java:820)
	at org.mortbay.jetty.servlet.ServletHolder.handle(ServletHolder.java:511)
	at org.mortbay.jetty.servlet.ServletHandler$CachedChain.doFilter(ServletHandler.java:1221)
	at org.springframework.web.filter.CharacterEncodingFilter.doFilterInternal(CharacterEncodingFilter.java:121)
	at org.springframework.web.filter.OncePerRequestFilter.doFilter(OncePerRequestFilter.java:107)
	at org.mortbay.jetty.servlet.ServletHandler$CachedChain.doFilter(ServletHandler.java:1212)
	at org.mortbay.jetty.servlet.ServletHandler.handle(ServletHandler.java:399)
	at org.mortbay.jetty.security.SecurityHandler.handle(SecurityHandler.java:216)
	at org.mortbay.jetty.servlet.SessionHandler.handle(SessionHandler.java:182)
	at org.mortbay.jetty.handler.ContextHandler.handle(ContextHandler.java:766)
	at org.mortbay.jetty.webapp.WebAppContext.handle(WebAppContext.java:450)
	at org.mortbay.jetty.handler.HandlerWrapper.handle(HandlerWrapper.java:152)
	at org.mortbay.jetty.Server.handle(Server.java:326)
	at org.mortbay.jetty.HttpConnection.handleRequest(HttpConnection.java:542)
	at org.mortbay.jetty.HttpConnection$RequestHandler.content(HttpConnection.java:945)
	at org.mortbay.jetty.HttpParser.parseNext(HttpParser.java:756)
	at org.mortbay.jetty.HttpParser.parseAvailable(HttpParser.java:218)
	at org.mortbay.jetty.HttpConnection.handle(HttpConnection.java:404)
	at org.mortbay.io.nio.SelectChannelEndPoint.run(SelectChannelEndPoint.java:410)
	at org.mortbay.thread.QueuedThreadPool$PoolThread.run(QueuedThreadPool.java:582)
2016-04-22 16:09:50,793 [main] INFO  [me.daoke.roadrank.Test] - {"sign":"F543D291EBE3E2A0A7E5A540231D90D2648242AB","birthday":"2016-03-03","accountID":"zMm6mlT7jM","sex":"1","carModel":"730","nickName":"科比-布莱恩特","carNumber":"豫G 88888","carBrand":"宝骏","cityName":"上海","cityCode":"310000","headPic":"http:// clubapp.daoke.me/club/resource/head_big.png","introduction":"我为车狂"}
2016-04-22 16:09:50,974 [736064984@qtp-445208196-0] INFO  [me.daoke.roadrank.intercepter.SignInterceptor] - sign:lu64o3ul5m
2016-04-22 16:09:50,975 [736064984@qtp-445208196-0] INFO  [me.daoke.roadrank.intercepter.SignInterceptor] - timestamp:lu64o3ul5m
2016-04-22 16:09:50,975 [736064984@qtp-445208196-0] INFO  [me.daoke.roadrank.intercepter.SignInterceptor] - token:lu64o3ul5m
2016-04-22 16:09:50,975 [736064984@qtp-445208196-0] INFO  [me.daoke.roadrank.intercepter.SignInterceptor] - appkey:3987311677
2016-04-22 16:09:50,975 [736064984@qtp-445208196-0] INFO  [me.daoke.roadrank.intercepter.SignInterceptor] - accountid:zMm6mlT7jM
2016-04-22 16:09:50,975 [736064984@qtp-445208196-0] INFO  [me.daoke.roadrank.intercepter.SignInterceptor] - Content-Length:339
2016-04-22 16:09:50,975 [736064984@qtp-445208196-0] INFO  [me.daoke.roadrank.intercepter.SignInterceptor] - Content-Type:application/json; charset=utf-8
2016-04-22 16:09:50,975 [736064984@qtp-445208196-0] INFO  [me.daoke.roadrank.intercepter.SignInterceptor] - Content-Encoding:UTF-8
2016-04-22 16:09:50,975 [736064984@qtp-445208196-0] INFO  [me.daoke.roadrank.intercepter.SignInterceptor] - Host:localhost:8080
2016-04-22 16:09:50,975 [736064984@qtp-445208196-0] INFO  [me.daoke.roadrank.intercepter.SignInterceptor] - Connection:Keep-Alive
2016-04-22 16:09:50,975 [736064984@qtp-445208196-0] INFO  [me.daoke.roadrank.intercepter.SignInterceptor] - User-Agent:Apache-HttpClient/4.3.6 (java 1.5)
2016-04-22 16:09:50,975 [736064984@qtp-445208196-0] INFO  [me.daoke.roadrank.intercepter.SignInterceptor] - Accept-Encoding:gzip,deflate
2016-04-22 16:10:22,671 [main] INFO  [me.daoke.roadrank.Test] - {"sign":"F543D291EBE3E2A0A7E5A540231D90D2648242AB","birthday":"2016-03-03","accountID":"zMm6mlT7jM","sex":"1","carModel":"730","nickName":"科比-布莱恩特","carNumber":"豫G 88888","carBrand":"宝骏","cityName":"上海","cityCode":"310000","headPic":"http:// clubapp.daoke.me/club/resource/head_big.png","introduction":"我为车狂"}
2016-04-22 16:10:23,763 [1409126300@qtp-229123781-0] INFO  [me.daoke.roadrank.intercepter.SignInterceptor] - sign:lu64o3ul5m
2016-04-22 16:10:23,764 [1409126300@qtp-229123781-0] INFO  [me.daoke.roadrank.intercepter.SignInterceptor] - timestamp:lu64o3ul5m
2016-04-22 16:10:23,764 [1409126300@qtp-229123781-0] INFO  [me.daoke.roadrank.intercepter.SignInterceptor] - token:lu64o3ul5m
2016-04-22 16:10:23,764 [1409126300@qtp-229123781-0] INFO  [me.daoke.roadrank.intercepter.SignInterceptor] - appkey:3987311677
2016-04-22 16:10:23,764 [1409126300@qtp-229123781-0] INFO  [me.daoke.roadrank.intercepter.SignInterceptor] - accountid:zMm6mlT7jM
2016-04-22 16:10:23,764 [1409126300@qtp-229123781-0] INFO  [me.daoke.roadrank.intercepter.SignInterceptor] - Content-Length:339
2016-04-22 16:10:23,764 [1409126300@qtp-229123781-0] INFO  [me.daoke.roadrank.intercepter.SignInterceptor] - Content-Type:application/json; charset=utf-8
2016-04-22 16:10:23,764 [1409126300@qtp-229123781-0] INFO  [me.daoke.roadrank.intercepter.SignInterceptor] - Content-Encoding:UTF-8
2016-04-22 16:10:23,764 [1409126300@qtp-229123781-0] INFO  [me.daoke.roadrank.intercepter.SignInterceptor] - Host:localhost:8080
2016-04-22 16:10:23,764 [1409126300@qtp-229123781-0] INFO  [me.daoke.roadrank.intercepter.SignInterceptor] - Connection:Keep-Alive
2016-04-22 16:10:23,764 [1409126300@qtp-229123781-0] INFO  [me.daoke.roadrank.intercepter.SignInterceptor] - User-Agent:Apache-HttpClient/4.3.6 (java 1.5)
2016-04-22 16:10:23,764 [1409126300@qtp-229123781-0] INFO  [me.daoke.roadrank.intercepter.SignInterceptor] - Accept-Encoding:gzip,deflate
2016-04-22 16:10:57,841 [1409126300@qtp-229123781-0] ERROR [500.jsp] - com.fasterxml.jackson.databind.ObjectMapper.getFactory()Lcom/fasterxml/jackson/core/JsonFactory;
java.lang.NoSuchMethodError: com.fasterxml.jackson.databind.ObjectMapper.getFactory()Lcom/fasterxml/jackson/core/JsonFactory;
	at org.springframework.http.converter.json.AbstractJackson2HttpMessageConverter.writeInternal(AbstractJackson2HttpMessageConverter.java:235)
	at org.springframework.http.converter.AbstractGenericHttpMessageConverter.write(AbstractGenericHttpMessageConverter.java:100)
	at org.springframework.web.servlet.mvc.method.annotation.AbstractMessageConverterMethodProcessor.writeWithMessageConverters(AbstractMessageConverterMethodProcessor.java:222)
	at org.springframework.web.servlet.mvc.method.annotation.AbstractMessageConverterMethodProcessor.writeWithMessageConverters(AbstractMessageConverterMethodProcessor.java:153)
	at org.springframework.web.servlet.mvc.method.annotation.RequestResponseBodyMethodProcessor.handleReturnValue(RequestResponseBodyMethodProcessor.java:165)
	at org.springframework.web.method.support.HandlerMethodReturnValueHandlerComposite.handleReturnValue(HandlerMethodReturnValueHandlerComposite.java:80)
	at org.springframework.web.servlet.mvc.method.annotation.ServletInvocableHandlerMethod.invokeAndHandle(ServletInvocableHandlerMethod.java:126)
	at org.springframework.web.servlet.mvc.method.annotation.RequestMappingHandlerAdapter.invokeHandlerMethod(RequestMappingHandlerAdapter.java:817)
	at org.springframework.web.servlet.mvc.method.annotation.RequestMappingHandlerAdapter.handleInternal(RequestMappingHandlerAdapter.java:731)
	at org.springframework.web.servlet.mvc.method.AbstractHandlerMethodAdapter.handle(AbstractHandlerMethodAdapter.java:85)
	at org.springframework.web.servlet.DispatcherServlet.doDispatch(DispatcherServlet.java:959)
	at org.springframework.web.servlet.DispatcherServlet.doService(DispatcherServlet.java:893)
	at org.springframework.web.servlet.FrameworkServlet.processRequest(FrameworkServlet.java:968)
	at org.springframework.web.servlet.FrameworkServlet.doPost(FrameworkServlet.java:870)
	at javax.servlet.http.HttpServlet.service(HttpServlet.java:727)
	at org.springframework.web.servlet.FrameworkServlet.service(FrameworkServlet.java:844)
	at javax.servlet.http.HttpServlet.service(HttpServlet.java:820)
	at org.mortbay.jetty.servlet.ServletHolder.handle(ServletHolder.java:511)
	at org.mortbay.jetty.servlet.ServletHandler$CachedChain.doFilter(ServletHandler.java:1221)
	at org.springframework.web.filter.CharacterEncodingFilter.doFilterInternal(CharacterEncodingFilter.java:121)
	at org.springframework.web.filter.OncePerRequestFilter.doFilter(OncePerRequestFilter.java:107)
	at org.mortbay.jetty.servlet.ServletHandler$CachedChain.doFilter(ServletHandler.java:1212)
	at org.mortbay.jetty.servlet.ServletHandler.handle(ServletHandler.java:399)
	at org.mortbay.jetty.security.SecurityHandler.handle(SecurityHandler.java:216)
	at org.mortbay.jetty.servlet.SessionHandler.handle(SessionHandler.java:182)
	at org.mortbay.jetty.handler.ContextHandler.handle(ContextHandler.java:766)
	at org.mortbay.jetty.webapp.WebAppContext.handle(WebAppContext.java:450)
	at org.mortbay.jetty.handler.HandlerWrapper.handle(HandlerWrapper.java:152)
	at org.mortbay.jetty.Server.handle(Server.java:326)
	at org.mortbay.jetty.HttpConnection.handleRequest(HttpConnection.java:542)
	at org.mortbay.jetty.HttpConnection$RequestHandler.content(HttpConnection.java:945)
	at org.mortbay.jetty.HttpParser.parseNext(HttpParser.java:756)
	at org.mortbay.jetty.HttpParser.parseAvailable(HttpParser.java:218)
	at org.mortbay.jetty.HttpConnection.handle(HttpConnection.java:404)
	at org.mortbay.io.nio.SelectChannelEndPoint.run(SelectChannelEndPoint.java:410)
	at org.mortbay.thread.QueuedThreadPool$PoolThread.run(QueuedThreadPool.java:582)
2016-04-22 16:12:28,067 [main] INFO  [me.daoke.roadrank.Test] - {"sign":"F543D291EBE3E2A0A7E5A540231D90D2648242AB","birthday":"2016-03-03","accountID":"zMm6mlT7jM","sex":"1","carModel":"730","nickName":"科比-布莱恩特","carNumber":"豫G 88888","carBrand":"宝骏","cityName":"上海","cityCode":"310000","headPic":"http:// clubapp.daoke.me/club/resource/head_big.png","introduction":"我为车狂"}
2016-04-22 16:12:29,195 [1409126300@qtp-229123781-0] INFO  [me.daoke.roadrank.intercepter.SignInterceptor] - sign:lu64o3ul5m
2016-04-22 16:12:29,195 [1409126300@qtp-229123781-0] INFO  [me.daoke.roadrank.intercepter.SignInterceptor] - timestamp:lu64o3ul5m
2016-04-22 16:12:29,195 [1409126300@qtp-229123781-0] INFO  [me.daoke.roadrank.intercepter.SignInterceptor] - token:lu64o3ul5m
2016-04-22 16:12:29,195 [1409126300@qtp-229123781-0] INFO  [me.daoke.roadrank.intercepter.SignInterceptor] - appkey:3987311677
2016-04-22 16:12:29,195 [1409126300@qtp-229123781-0] INFO  [me.daoke.roadrank.intercepter.SignInterceptor] - accountid:zMm6mlT7jM
2016-04-22 16:12:29,195 [1409126300@qtp-229123781-0] INFO  [me.daoke.roadrank.intercepter.SignInterceptor] - Content-Length:339
2016-04-22 16:12:29,195 [1409126300@qtp-229123781-0] INFO  [me.daoke.roadrank.intercepter.SignInterceptor] - Content-Type:application/json; charset=utf-8
2016-04-22 16:12:29,195 [1409126300@qtp-229123781-0] INFO  [me.daoke.roadrank.intercepter.SignInterceptor] - Content-Encoding:UTF-8
2016-04-22 16:12:29,195 [1409126300@qtp-229123781-0] INFO  [me.daoke.roadrank.intercepter.SignInterceptor] - Host:localhost:8080
2016-04-22 16:12:29,195 [1409126300@qtp-229123781-0] INFO  [me.daoke.roadrank.intercepter.SignInterceptor] - Connection:Keep-Alive
2016-04-22 16:12:29,195 [1409126300@qtp-229123781-0] INFO  [me.daoke.roadrank.intercepter.SignInterceptor] - User-Agent:Apache-HttpClient/4.3.6 (java 1.5)
2016-04-22 16:12:29,195 [1409126300@qtp-229123781-0] INFO  [me.daoke.roadrank.intercepter.SignInterceptor] - Accept-Encoding:gzip,deflate
2016-04-22 16:12:30,896 [1409126300@qtp-229123781-0] ERROR [500.jsp] - com.fasterxml.jackson.databind.ObjectMapper.getFactory()Lcom/fasterxml/jackson/core/JsonFactory;
java.lang.NoSuchMethodError: com.fasterxml.jackson.databind.ObjectMapper.getFactory()Lcom/fasterxml/jackson/core/JsonFactory;
	at org.springframework.http.converter.json.AbstractJackson2HttpMessageConverter.writeInternal(AbstractJackson2HttpMessageConverter.java:235)
	at org.springframework.http.converter.AbstractGenericHttpMessageConverter.write(AbstractGenericHttpMessageConverter.java:100)
	at org.springframework.web.servlet.mvc.method.annotation.AbstractMessageConverterMethodProcessor.writeWithMessageConverters(AbstractMessageConverterMethodProcessor.java:222)
	at org.springframework.web.servlet.mvc.method.annotation.AbstractMessageConverterMethodProcessor.writeWithMessageConverters(AbstractMessageConverterMethodProcessor.java:153)
	at org.springframework.web.servlet.mvc.method.annotation.RequestResponseBodyMethodProcessor.handleReturnValue(RequestResponseBodyMethodProcessor.java:165)
	at org.springframework.web.method.support.HandlerMethodReturnValueHandlerComposite.handleReturnValue(HandlerMethodReturnValueHandlerComposite.java:80)
	at org.springframework.web.servlet.mvc.method.annotation.ServletInvocableHandlerMethod.invokeAndHandle(ServletInvocableHandlerMethod.java:126)
	at org.springframework.web.servlet.mvc.method.annotation.RequestMappingHandlerAdapter.invokeHandlerMethod(RequestMappingHandlerAdapter.java:817)
	at org.springframework.web.servlet.mvc.method.annotation.RequestMappingHandlerAdapter.handleInternal(RequestMappingHandlerAdapter.java:731)
	at org.springframework.web.servlet.mvc.method.AbstractHandlerMethodAdapter.handle(AbstractHandlerMethodAdapter.java:85)
	at org.springframework.web.servlet.DispatcherServlet.doDispatch(DispatcherServlet.java:959)
	at org.springframework.web.servlet.DispatcherServlet.doService(DispatcherServlet.java:893)
	at org.springframework.web.servlet.FrameworkServlet.processRequest(FrameworkServlet.java:968)
	at org.springframework.web.servlet.FrameworkServlet.doPost(FrameworkServlet.java:870)
	at javax.servlet.http.HttpServlet.service(HttpServlet.java:727)
	at org.springframework.web.servlet.FrameworkServlet.service(FrameworkServlet.java:844)
	at javax.servlet.http.HttpServlet.service(HttpServlet.java:820)
	at org.mortbay.jetty.servlet.ServletHolder.handle(ServletHolder.java:511)
	at org.mortbay.jetty.servlet.ServletHandler$CachedChain.doFilter(ServletHandler.java:1221)
	at org.springframework.web.filter.CharacterEncodingFilter.doFilterInternal(CharacterEncodingFilter.java:121)
	at org.springframework.web.filter.OncePerRequestFilter.doFilter(OncePerRequestFilter.java:107)
	at org.mortbay.jetty.servlet.ServletHandler$CachedChain.doFilter(ServletHandler.java:1212)
	at org.mortbay.jetty.servlet.ServletHandler.handle(ServletHandler.java:399)
	at org.mortbay.jetty.security.SecurityHandler.handle(SecurityHandler.java:216)
	at org.mortbay.jetty.servlet.SessionHandler.handle(SessionHandler.java:182)
	at org.mortbay.jetty.handler.ContextHandler.handle(ContextHandler.java:766)
	at org.mortbay.jetty.webapp.WebAppContext.handle(WebAppContext.java:450)
	at org.mortbay.jetty.handler.HandlerWrapper.handle(HandlerWrapper.java:152)
	at org.mortbay.jetty.Server.handle(Server.java:326)
	at org.mortbay.jetty.HttpConnection.handleRequest(HttpConnection.java:542)
	at org.mortbay.jetty.HttpConnection$RequestHandler.content(HttpConnection.java:945)
	at org.mortbay.jetty.HttpParser.parseNext(HttpParser.java:756)
	at org.mortbay.jetty.HttpParser.parseAvailable(HttpParser.java:218)
	at org.mortbay.jetty.HttpConnection.handle(HttpConnection.java:404)
	at org.mortbay.io.nio.SelectChannelEndPoint.run(SelectChannelEndPoint.java:410)
	at org.mortbay.thread.QueuedThreadPool$PoolThread.run(QueuedThreadPool.java:582)
2016-04-22 16:12:30,923 [main] INFO  [me.daoke.roadrank.Test] - 




<!DOCTYPE html PUBLIC "-//W3C//DTD XHTML 1.0 Transitional//EN" "http://www.w3.org/TR/xhtml1/DTD/xhtml1-transitional.dtd">
<html xmlns="http://www.w3.org/1999/xhtml">
<head>
	<title>500 - 系统内部错误</title>
</head>

<body>
	<h2>500 - 系统发生内部错误.</h2>
</body>
</html>

2016-04-22 16:17:09,725 [main] INFO  [me.daoke.roadrank.Test] - {"sign":"F543D291EBE3E2A0A7E5A540231D90D2648242AB","birthday":"2016-03-03","accountID":"zMm6mlT7jM","sex":"1","carModel":"730","nickName":"科比-布莱恩特","carNumber":"豫G 88888","carBrand":"宝骏","cityName":"上海","cityCode":"310000","headPic":"http:// clubapp.daoke.me/club/resource/head_big.png","introduction":"我为车狂"}
2016-04-22 16:17:10,873 [821304054@qtp-605928587-0] INFO  [me.daoke.roadrank.intercepter.SignInterceptor] - sign:lu64o3ul5m
2016-04-22 16:17:10,873 [821304054@qtp-605928587-0] INFO  [me.daoke.roadrank.intercepter.SignInterceptor] - timestamp:lu64o3ul5m
2016-04-22 16:17:10,873 [821304054@qtp-605928587-0] INFO  [me.daoke.roadrank.intercepter.SignInterceptor] - token:lu64o3ul5m
2016-04-22 16:17:10,873 [821304054@qtp-605928587-0] INFO  [me.daoke.roadrank.intercepter.SignInterceptor] - appkey:3987311677
2016-04-22 16:17:10,873 [821304054@qtp-605928587-0] INFO  [me.daoke.roadrank.intercepter.SignInterceptor] - accountid:zMm6mlT7jM
2016-04-22 16:17:10,873 [821304054@qtp-605928587-0] INFO  [me.daoke.roadrank.intercepter.SignInterceptor] - Content-Length:339
2016-04-22 16:17:10,873 [821304054@qtp-605928587-0] INFO  [me.daoke.roadrank.intercepter.SignInterceptor] - Content-Type:application/json; charset=utf-8
2016-04-22 16:17:10,873 [821304054@qtp-605928587-0] INFO  [me.daoke.roadrank.intercepter.SignInterceptor] - Content-Encoding:UTF-8
2016-04-22 16:17:10,873 [821304054@qtp-605928587-0] INFO  [me.daoke.roadrank.intercepter.SignInterceptor] - Host:localhost:8080
2016-04-22 16:17:10,873 [821304054@qtp-605928587-0] INFO  [me.daoke.roadrank.intercepter.SignInterceptor] - Connection:Keep-Alive
2016-04-22 16:17:10,874 [821304054@qtp-605928587-0] INFO  [me.daoke.roadrank.intercepter.SignInterceptor] - User-Agent:Apache-HttpClient/4.3.6 (java 1.5)
2016-04-22 16:17:10,874 [821304054@qtp-605928587-0] INFO  [me.daoke.roadrank.intercepter.SignInterceptor] - Accept-Encoding:gzip,deflate
2016-04-22 16:17:11,567 [main] INFO  [me.daoke.roadrank.Test] - {"ERRCODE":"0","RESULT":"ok"}
