2016-04-22 09:40:10,588 [main] WARN  [me.daoke.roadrank.utils.JsonUtil] - parse json string error:




<!DOCTYPE html PUBLIC "-//W3C//DTD XHTML 1.0 Transitional//EN" "http://www.w3.org/TR/xhtml1/DTD/xhtml1-transitional.dtd">
<html xmlns="http://www.w3.org/1999/xhtml">
<head>
	<title>500 - 系统内部错误</title>
</head>

<body>
	<h2>500 - 系统发生内部错误.</h2>
</body>
</html>

com.fasterxml.jackson.core.JsonParseException: Unexpected character ('<' (code 60)): expected a valid value (number, String, array, object, 'true', 'false' or 'null')
 at [Source: java.io.StringReader@756de23f; line: 6, column: 2]
	at com.fasterxml.jackson.core.JsonParser._constructError(JsonParser.java:1284)
	at com.fasterxml.jackson.core.base.ParserMinimalBase._reportError(ParserMinimalBase.java:588)
	at com.fasterxml.jackson.core.base.ParserMinimalBase._reportUnexpectedChar(ParserMinimalBase.java:509)
	at com.fasterxml.jackson.core.json.ReaderBasedJsonParser._handleUnexpectedValue(ReaderBasedJsonParser.java:1206)
	at com.fasterxml.jackson.core.json.ReaderBasedJsonParser.nextToken(ReaderBasedJsonParser.java:497)
	at com.fasterxml.jackson.databind.ObjectMapper._initForReading(ObjectMapper.java:2601)
	at com.fasterxml.jackson.databind.ObjectMapper._readMapAndClose(ObjectMapper.java:2548)
	at com.fasterxml.jackson.databind.ObjectMapper.readValue(ObjectMapper.java:1805)
	at me.daoke.roadrank.utils.JsonUtil.fromJson(JsonUtil.java:102)
	at me.daoke.roadrank.Test.testHttp(Test.java:37)
	at sun.reflect.NativeMethodAccessorImpl.invoke0(Native Method)
	at sun.reflect.NativeMethodAccessorImpl.invoke(NativeMethodAccessorImpl.java:57)
	at sun.reflect.DelegatingMethodAccessorImpl.invoke(DelegatingMethodAccessorImpl.java:43)
	at java.lang.reflect.Method.invoke(Method.java:606)
	at org.junit.runners.model.FrameworkMethod$1.runReflectiveCall(FrameworkMethod.java:47)
	at org.junit.internal.runners.model.ReflectiveCallable.run(ReflectiveCallable.java:12)
	at org.junit.runners.model.FrameworkMethod.invokeExplosively(FrameworkMethod.java:44)
	at org.junit.internal.runners.statements.InvokeMethod.evaluate(InvokeMethod.java:17)
	at org.junit.runners.ParentRunner.runLeaf(ParentRunner.java:271)
	at org.junit.runners.BlockJUnit4ClassRunner.runChild(BlockJUnit4ClassRunner.java:70)
	at org.junit.runners.BlockJUnit4ClassRunner.runChild(BlockJUnit4ClassRunner.java:50)
	at org.junit.runners.ParentRunner$3.run(ParentRunner.java:238)
	at org.junit.runners.ParentRunner$1.schedule(ParentRunner.java:63)
	at org.junit.runners.ParentRunner.runChildren(ParentRunner.java:236)
	at org.junit.runners.ParentRunner.access$000(ParentRunner.java:53)
	at org.junit.runners.ParentRunner$2.evaluate(ParentRunner.java:229)
	at org.junit.runners.ParentRunner.run(ParentRunner.java:309)
	at org.eclipse.jdt.internal.junit4.runner.JUnit4TestReference.run(JUnit4TestReference.java:50)
	at org.eclipse.jdt.internal.junit.runner.TestExecution.run(TestExecution.java:38)
	at org.eclipse.jdt.internal.junit.runner.RemoteTestRunner.runTests(RemoteTestRunner.java:459)
	at org.eclipse.jdt.internal.junit.runner.RemoteTestRunner.runTests(RemoteTestRunner.java:675)
	at org.eclipse.jdt.internal.junit.runner.RemoteTestRunner.run(RemoteTestRunner.java:382)
	at org.eclipse.jdt.internal.junit.runner.RemoteTestRunner.main(RemoteTestRunner.java:192)
2016-04-22 09:57:29,849 [1986411743@qtp-783937257-0] INFO  [me.daoke.roadrank.intercepter.SignSpringActionHandler] - key:sign--value:lu64o3ul5m
2016-04-22 09:57:29,850 [1986411743@qtp-783937257-0] INFO  [me.daoke.roadrank.intercepter.SignSpringActionHandler] - key:timestamp--value:lu64o3ul5m
2016-04-22 09:57:29,850 [1986411743@qtp-783937257-0] INFO  [me.daoke.roadrank.intercepter.SignSpringActionHandler] - key:token--value:lu64o3ul5m
2016-04-22 09:57:29,850 [1986411743@qtp-783937257-0] INFO  [me.daoke.roadrank.intercepter.SignSpringActionHandler] - key:appkey--value:3987311677
2016-04-22 09:57:29,850 [1986411743@qtp-783937257-0] INFO  [me.daoke.roadrank.intercepter.SignSpringActionHandler] - key:accountid--value:zMm6mlT7jM
2016-04-22 09:57:29,850 [1986411743@qtp-783937257-0] INFO  [me.daoke.roadrank.intercepter.SignSpringActionHandler] - key:Content-Length--value:45
2016-04-22 09:57:29,850 [1986411743@qtp-783937257-0] INFO  [me.daoke.roadrank.intercepter.SignSpringActionHandler] - key:Content-Type--value:application/x-www-form-urlencoded; charset=UTF-8
2016-04-22 09:57:29,850 [1986411743@qtp-783937257-0] INFO  [me.daoke.roadrank.intercepter.SignSpringActionHandler] - key:Host--value:localhost:8080
2016-04-22 09:57:29,850 [1986411743@qtp-783937257-0] INFO  [me.daoke.roadrank.intercepter.SignSpringActionHandler] - key:Connection--value:Keep-Alive
2016-04-22 09:57:29,850 [1986411743@qtp-783937257-0] INFO  [me.daoke.roadrank.intercepter.SignSpringActionHandler] - key:User-Agent--value:Apache-HttpClient/4.3.6 (java 1.5)
2016-04-22 09:57:29,850 [1986411743@qtp-783937257-0] INFO  [me.daoke.roadrank.intercepter.SignSpringActionHandler] - key:Accept-Encoding--value:gzip,deflate
2016-04-22 09:57:30,648 [1986411743@qtp-783937257-0] ERROR [500.jsp] - Value for accountID cannot be null
java.lang.RuntimeException: Value for accountID cannot be null
	at me.daoke.roadrank.dto.UserInfoCriteria$GeneratedCriteria.addCriterion(UserInfoCriteria.java:185)
	at me.daoke.roadrank.dto.UserInfoCriteria$GeneratedCriteria.andAccountIDEqualTo(UserInfoCriteria.java:328)
	at me.daoke.roadrank.dto.UserInfoCriteria$Criteria.andAccountIDEqualTo(UserInfoCriteria.java:2374)
	at me.daoke.roadrank.service.impl.UserInfoServiceImpl.getUserByAccount(UserInfoServiceImpl.java:23)
	at me.daoke.roadrank.service.impl.UserInfoServiceImpl$$FastClassByCGLIB$$f83a8d1.invoke(<generated>)
	at org.springframework.cglib.proxy.MethodProxy.invoke(MethodProxy.java:204)
	at org.springframework.aop.framework.CglibAopProxy$CglibMethodInvocation.invokeJoinpoint(CglibAopProxy.java:698)
	at org.springframework.aop.framework.ReflectiveMethodInvocation.proceed(ReflectiveMethodInvocation.java:150)
	at org.springframework.transaction.interceptor.TransactionInterceptor$1.proceedWithInvocation(TransactionInterceptor.java:96)
	at org.springframework.transaction.interceptor.TransactionAspectSupport.invokeWithinTransaction(TransactionAspectSupport.java:260)
	at org.springframework.transaction.interceptor.TransactionInterceptor.invoke(TransactionInterceptor.java:94)
	at org.springframework.aop.framework.ReflectiveMethodInvocation.proceed(ReflectiveMethodInvocation.java:172)
	at org.springframework.aop.framework.CglibAopProxy$DynamicAdvisedInterceptor.intercept(CglibAopProxy.java:631)
	at me.daoke.roadrank.service.impl.UserInfoServiceImpl$$EnhancerByCGLIB$$2e982407.getUserByAccount(<generated>)
	at me.daoke.roadrank.controller.UserInfoController.queryInfoByID(UserInfoController.java:33)
	at sun.reflect.NativeMethodAccessorImpl.invoke0(Native Method)
	at sun.reflect.NativeMethodAccessorImpl.invoke(NativeMethodAccessorImpl.java:57)
	at sun.reflect.DelegatingMethodAccessorImpl.invoke(DelegatingMethodAccessorImpl.java:43)
	at java.lang.reflect.Method.invoke(Method.java:606)
	at org.springframework.web.method.support.InvocableHandlerMethod.invoke(InvocableHandlerMethod.java:219)
	at org.springframework.web.method.support.InvocableHandlerMethod.invokeForRequest(InvocableHandlerMethod.java:132)
	at org.springframework.web.servlet.mvc.method.annotation.ServletInvocableHandlerMethod.invokeAndHandle(ServletInvocableHandlerMethod.java:104)
	at org.springframework.web.servlet.mvc.method.annotation.RequestMappingHandlerAdapter.invokeHandleMethod(RequestMappingHandlerAdapter.java:745)
	at org.springframework.web.servlet.mvc.method.annotation.RequestMappingHandlerAdapter.handleInternal(RequestMappingHandlerAdapter.java:686)
	at org.springframework.web.servlet.mvc.method.AbstractHandlerMethodAdapter.handle(AbstractHandlerMethodAdapter.java:80)
	at org.springframework.web.servlet.DispatcherServlet.doDispatch(DispatcherServlet.java:925)
	at org.springframework.web.servlet.DispatcherServlet.doService(DispatcherServlet.java:856)
	at org.springframework.web.servlet.FrameworkServlet.processRequest(FrameworkServlet.java:936)
	at org.springframework.web.servlet.FrameworkServlet.doPost(FrameworkServlet.java:838)
	at javax.servlet.http.HttpServlet.service(HttpServlet.java:727)
	at org.springframework.web.servlet.FrameworkServlet.service(FrameworkServlet.java:812)
	at javax.servlet.http.HttpServlet.service(HttpServlet.java:820)
	at org.mortbay.jetty.servlet.ServletHolder.handle(ServletHolder.java:511)
	at org.mortbay.jetty.servlet.ServletHandler$CachedChain.doFilter(ServletHandler.java:1221)
	at org.springframework.web.filter.CharacterEncodingFilter.doFilterInternal(CharacterEncodingFilter.java:88)
	at org.springframework.web.filter.OncePerRequestFilter.doFilter(OncePerRequestFilter.java:107)
	at org.mortbay.jetty.servlet.ServletHandler$CachedChain.doFilter(ServletHandler.java:1212)
	at org.mortbay.jetty.servlet.ServletHandler.handle(ServletHandler.java:399)
	at org.mortbay.jetty.security.SecurityHandler.handle(SecurityHandler.java:216)
	at org.mortbay.jetty.servlet.SessionHandler.handle(SessionHandler.java:182)
	at org.mortbay.jetty.handler.ContextHandler.handle(ContextHandler.java:766)
	at org.mortbay.jetty.webapp.WebAppContext.handle(WebAppContext.java:450)
	at org.mortbay.jetty.handler.HandlerWrapper.handle(HandlerWrapper.java:152)
	at org.mortbay.jetty.Server.handle(Server.java:326)
	at org.mortbay.jetty.HttpConnection.handleRequest(HttpConnection.java:542)
	at org.mortbay.jetty.HttpConnection$RequestHandler.content(HttpConnection.java:945)
	at org.mortbay.jetty.HttpParser.parseNext(HttpParser.java:756)
	at org.mortbay.jetty.HttpParser.parseAvailable(HttpParser.java:218)
	at org.mortbay.jetty.HttpConnection.handle(HttpConnection.java:404)
	at org.mortbay.io.nio.SelectChannelEndPoint.run(SelectChannelEndPoint.java:410)
	at org.mortbay.thread.QueuedThreadPool$PoolThread.run(QueuedThreadPool.java:582)
2016-04-22 09:57:30,833 [main] WARN  [me.daoke.roadrank.utils.JsonUtil] - parse json string error:




<!DOCTYPE html PUBLIC "-//W3C//DTD XHTML 1.0 Transitional//EN" "http://www.w3.org/TR/xhtml1/DTD/xhtml1-transitional.dtd">
<html xmlns="http://www.w3.org/1999/xhtml">
<head>
	<title>500 - 系统内部错误</title>
</head>

<body>
	<h2>500 - 系统发生内部错误.</h2>
</body>
</html>

com.fasterxml.jackson.core.JsonParseException: Unexpected character ('<' (code 60)): expected a valid value (number, String, array, object, 'true', 'false' or 'null')
 at [Source: java.io.StringReader@6eb3ae54; line: 6, column: 2]
	at com.fasterxml.jackson.core.JsonParser._constructError(JsonParser.java:1284)
	at com.fasterxml.jackson.core.base.ParserMinimalBase._reportError(ParserMinimalBase.java:588)
	at com.fasterxml.jackson.core.base.ParserMinimalBase._reportUnexpectedChar(ParserMinimalBase.java:509)
	at com.fasterxml.jackson.core.json.ReaderBasedJsonParser._handleUnexpectedValue(ReaderBasedJsonParser.java:1206)
	at com.fasterxml.jackson.core.json.ReaderBasedJsonParser.nextToken(ReaderBasedJsonParser.java:497)
	at com.fasterxml.jackson.databind.ObjectMapper._initForReading(ObjectMapper.java:2601)
	at com.fasterxml.jackson.databind.ObjectMapper._readMapAndClose(ObjectMapper.java:2548)
	at com.fasterxml.jackson.databind.ObjectMapper.readValue(ObjectMapper.java:1805)
	at me.daoke.roadrank.utils.JsonUtil.fromJson(JsonUtil.java:102)
	at me.daoke.roadrank.Test.testHttp(Test.java:39)
	at sun.reflect.NativeMethodAccessorImpl.invoke0(Native Method)
	at sun.reflect.NativeMethodAccessorImpl.invoke(NativeMethodAccessorImpl.java:57)
	at sun.reflect.DelegatingMethodAccessorImpl.invoke(DelegatingMethodAccessorImpl.java:43)
	at java.lang.reflect.Method.invoke(Method.java:606)
	at org.junit.runners.model.FrameworkMethod$1.runReflectiveCall(FrameworkMethod.java:47)
	at org.junit.internal.runners.model.ReflectiveCallable.run(ReflectiveCallable.java:12)
	at org.junit.runners.model.FrameworkMethod.invokeExplosively(FrameworkMethod.java:44)
	at org.junit.internal.runners.statements.InvokeMethod.evaluate(InvokeMethod.java:17)
	at org.junit.runners.ParentRunner.runLeaf(ParentRunner.java:271)
	at org.junit.runners.BlockJUnit4ClassRunner.runChild(BlockJUnit4ClassRunner.java:70)
	at org.junit.runners.BlockJUnit4ClassRunner.runChild(BlockJUnit4ClassRunner.java:50)
	at org.junit.runners.ParentRunner$3.run(ParentRunner.java:238)
	at org.junit.runners.ParentRunner$1.schedule(ParentRunner.java:63)
	at org.junit.runners.ParentRunner.runChildren(ParentRunner.java:236)
	at org.junit.runners.ParentRunner.access$000(ParentRunner.java:53)
	at org.junit.runners.ParentRunner$2.evaluate(ParentRunner.java:229)
	at org.junit.runners.ParentRunner.run(ParentRunner.java:309)
	at org.eclipse.jdt.internal.junit4.runner.JUnit4TestReference.run(JUnit4TestReference.java:50)
	at org.eclipse.jdt.internal.junit.runner.TestExecution.run(TestExecution.java:38)
	at org.eclipse.jdt.internal.junit.runner.RemoteTestRunner.runTests(RemoteTestRunner.java:459)
	at org.eclipse.jdt.internal.junit.runner.RemoteTestRunner.runTests(RemoteTestRunner.java:675)
	at org.eclipse.jdt.internal.junit.runner.RemoteTestRunner.run(RemoteTestRunner.java:382)
	at org.eclipse.jdt.internal.junit.runner.RemoteTestRunner.main(RemoteTestRunner.java:192)
