2016-04-21 10:17:48,600 [main] INFO  [org.springframework.web.context.ContextLoader] - Root WebApplicationContext: initialization started
2016-04-21 10:17:48,686 [main] INFO  [org.springframework.web.context.support.XmlWebApplicationContext] - Refreshing Root WebApplicationContext: startup date [Thu Apr 21 10:17:48 CST 2016]; root of context hierarchy
2016-04-21 10:17:48,738 [main] INFO  [org.springframework.beans.factory.xml.XmlBeanDefinitionReader] - Loading XML bean definitions from URL [file:/Users/hujinhu/workspace/daoke/daoke-roadrank-web/target/classes/spring/applicationContext.xml]
2016-04-21 10:17:49,185 [main] INFO  [org.springframework.beans.factory.config.PropertyPlaceholderConfigurer] - Loading properties file from URL [file:/Users/hujinhu/workspace/daoke/daoke-roadrank-web/target/classes/config/jdbc.properties]
2016-04-21 10:17:49,186 [main] INFO  [org.springframework.beans.factory.config.PropertyPlaceholderConfigurer] - Loading properties file from URL [file:/Users/hujinhu/workspace/daoke/daoke-roadrank-web/target/classes/config/common.properties]
2016-04-21 10:17:49,226 [main] INFO  [org.springframework.beans.factory.support.DefaultListableBeanFactory] - Pre-instantiating singletons in org.springframework.beans.factory.support.DefaultListableBeanFactory@a3d8034: defining beans [propertyConfigurer,apiConfig,contentConfig,userInfoServiceImpl,org.springframework.context.annotation.internalConfigurationAnnotationProcessor,org.springframework.context.annotation.internalAutowiredAnnotationProcessor,org.springframework.context.annotation.internalRequiredAnnotationProcessor,org.springframework.context.annotation.internalCommonAnnotationProcessor,org.springframework.aop.config.internalAutoProxyCreator,org.springframework.cache.annotation.AnnotationCacheOperationSource#0,org.springframework.cache.interceptor.CacheInterceptor#0,org.springframework.cache.config.internalCacheAdvisor,cacheManager,commonPoolInfo,dataSource,transactionManager,org.springframework.transaction.annotation.AnnotationTransactionAttributeSource#0,org.springframework.transaction.interceptor.TransactionInterceptor#0,org.springframework.transaction.config.internalTransactionAdvisor,sqlSessionFactory,org.mybatis.spring.mapper.MapperScannerConfigurer#0,springContextHolder,multipartResolver,org.springframework.context.annotation.ConfigurationClassPostProcessor.importAwareProcessor,userInfoMapper]; root of factory hierarchy
2016-04-21 10:18:04,832 [main] INFO  [org.springframework.web.context.ContextLoader] - Root WebApplicationContext: initialization completed in 16231 ms
2016-04-21 10:19:05,898 [736064984@qtp-445208196-0] INFO  [org.springframework.web.servlet.DispatcherServlet] - FrameworkServlet 'springServlet': initialization started
2016-04-21 10:19:05,901 [736064984@qtp-445208196-0] INFO  [org.springframework.web.context.support.XmlWebApplicationContext] - Refreshing WebApplicationContext for namespace 'springServlet-servlet': startup date [Thu Apr 21 10:19:05 CST 2016]; parent: Root WebApplicationContext
2016-04-21 10:19:05,902 [736064984@qtp-445208196-0] INFO  [org.springframework.beans.factory.xml.XmlBeanDefinitionReader] - Loading XML bean definitions from URL [file:/Users/hujinhu/workspace/daoke/daoke-roadrank-web/target/classes/spring/spring-mvc.xml]
2016-04-21 10:19:06,032 [736064984@qtp-445208196-0] INFO  [org.springframework.beans.factory.support.DefaultListableBeanFactory] - Pre-instantiating singletons in org.springframework.beans.factory.support.DefaultListableBeanFactory@6df58cda: defining beans [org.springframework.web.servlet.mvc.support.ControllerClassNameHandlerMapping#0,org.springframework.web.servlet.mvc.annotation.AnnotationMethodHandlerAdapter#0,userInfoController,validCodeController,org.springframework.context.annotation.internalConfigurationAnnotationProcessor,org.springframework.context.annotation.internalAutowiredAnnotationProcessor,org.springframework.context.annotation.internalRequiredAnnotationProcessor,org.springframework.context.annotation.internalCommonAnnotationProcessor,mvcContentNegotiationManager,org.springframework.web.servlet.mvc.method.annotation.RequestMappingHandlerMapping#0,org.springframework.format.support.FormattingConversionServiceFactoryBean#0,org.springframework.web.servlet.mvc.method.annotation.RequestMappingHandlerAdapter#0,org.springframework.web.servlet.handler.MappedInterceptor#0,org.springframework.web.servlet.mvc.method.annotation.ExceptionHandlerExceptionResolver#0,org.springframework.web.servlet.mvc.annotation.ResponseStatusExceptionResolver#0,org.springframework.web.servlet.mvc.support.DefaultHandlerExceptionResolver#0,org.springframework.web.servlet.handler.BeanNameUrlHandlerMapping,org.springframework.web.servlet.mvc.HttpRequestHandlerAdapter,org.springframework.web.servlet.mvc.SimpleControllerHandlerAdapter,org.springframework.web.servlet.resource.DefaultServletHttpRequestHandler#0,org.springframework.web.servlet.handler.SimpleUrlHandlerMapping#0,org.springframework.web.servlet.handler.MappedInterceptor#1,multipartResolver,org.springframework.web.servlet.config.viewControllerHandlerMapping,org.springframework.web.servlet.view.InternalResourceViewResolver#0,org.springframework.web.servlet.handler.SimpleMappingExceptionResolver#0,org.springframework.context.annotation.ConfigurationClassPostProcessor.importAwareProcessor]; parent: org.springframework.beans.factory.support.DefaultListableBeanFactory@a3d8034
2016-04-21 10:19:06,189 [736064984@qtp-445208196-0] INFO  [org.springframework.web.servlet.mvc.support.ControllerClassNameHandlerMapping] - Mapped URL path [/userinfo] onto handler 'userInfoController'
2016-04-21 10:19:06,189 [736064984@qtp-445208196-0] INFO  [org.springframework.web.servlet.mvc.support.ControllerClassNameHandlerMapping] - Mapped URL path [/userinfo/*] onto handler 'userInfoController'
2016-04-21 10:19:06,225 [736064984@qtp-445208196-0] INFO  [org.springframework.beans.factory.config.PropertiesFactoryBean] - Loading properties file from class path resource [config/api_config.properties]
2016-04-21 10:19:06,232 [736064984@qtp-445208196-0] INFO  [org.springframework.web.servlet.mvc.support.ControllerClassNameHandlerMapping] - Mapped URL path [/validcode] onto handler 'validCodeController'
2016-04-21 10:19:06,232 [736064984@qtp-445208196-0] INFO  [org.springframework.web.servlet.mvc.support.ControllerClassNameHandlerMapping] - Mapped URL path [/validcode/*] onto handler 'validCodeController'
2016-04-21 10:19:06,390 [736064984@qtp-445208196-0] INFO  [org.springframework.web.servlet.mvc.method.annotation.RequestMappingHandlerMapping] - Mapped "{[/accountInfo/queryInfoByID],methods=[],params=[],headers=[],consumes=[],produces=[],custom=[]}" onto public me.daoke.roadrank.utils.JsonResult me.daoke.roadrank.controller.UserInfoController.queryInfoByID(java.lang.String)
2016-04-21 10:19:06,391 [736064984@qtp-445208196-0] INFO  [org.springframework.web.servlet.mvc.method.annotation.RequestMappingHandlerMapping] - Mapped "{[/validCode/index],methods=[],params=[],headers=[],consumes=[],produces=[],custom=[]}" onto public java.lang.String me.daoke.roadrank.controller.ValidCodeController.index(javax.servlet.http.HttpServletRequest,javax.servlet.http.HttpServletResponse) throws java.io.IOException
2016-04-21 10:19:06,745 [736064984@qtp-445208196-0] INFO  [org.springframework.web.servlet.handler.SimpleUrlHandlerMapping] - Mapped URL path [/**] onto handler 'org.springframework.web.servlet.resource.DefaultServletHttpRequestHandler#0'
2016-04-21 10:19:06,765 [736064984@qtp-445208196-0] INFO  [org.springframework.web.servlet.handler.SimpleUrlHandlerMapping] - Root mapping to handler of type [class org.springframework.web.servlet.mvc.ParameterizableViewController]
2016-04-21 10:19:06,802 [736064984@qtp-445208196-0] INFO  [org.springframework.web.servlet.DispatcherServlet] - FrameworkServlet 'springServlet': initialization completed in 903 ms
2016-04-21 10:19:07,512 [736064984@qtp-445208196-0] ERROR [500.jsp] - 
java.lang.NullPointerException
	at me.daoke.roadrank.utils.ConstantsUtil.getSecret(ConstantsUtil.java:49)
	at me.daoke.roadrank.intercepter.SignSpringActionHandler.preHandle(SignSpringActionHandler.java:32)
	at org.springframework.web.servlet.HandlerExecutionChain.applyPreHandle(HandlerExecutionChain.java:130)
	at org.springframework.web.servlet.DispatcherServlet.doDispatch(DispatcherServlet.java:919)
	at org.springframework.web.servlet.DispatcherServlet.doService(DispatcherServlet.java:856)
	at org.springframework.web.servlet.FrameworkServlet.processRequest(FrameworkServlet.java:936)
	at org.springframework.web.servlet.FrameworkServlet.doGet(FrameworkServlet.java:827)
	at javax.servlet.http.HttpServlet.service(HttpServlet.java:707)
	at org.springframework.web.servlet.FrameworkServlet.service(FrameworkServlet.java:812)
	at javax.servlet.http.HttpServlet.service(HttpServlet.java:820)
	at org.mortbay.jetty.servlet.ServletHolder.handle(ServletHolder.java:511)
	at org.mortbay.jetty.servlet.ServletHandler$CachedChain.doFilter(ServletHandler.java:1221)
	at org.springframework.web.filter.CharacterEncodingFilter.doFilterInternal(CharacterEncodingFilter.java:88)
	at org.springframework.web.filter.OncePerRequestFilter.doFilter(OncePerRequestFilter.java:107)
	at org.mortbay.jetty.servlet.ServletHandler$CachedChain.doFilter(ServletHandler.java:1212)
	at org.mortbay.jetty.servlet.ServletHandler.handle(ServletHandler.java:399)
	at org.mortbay.jetty.security.SecurityHandler.handle(SecurityHandler.java:216)
	at org.mortbay.jetty.servlet.SessionHandler.handle(SessionHandler.java:182)
	at org.mortbay.jetty.handler.ContextHandler.handle(ContextHandler.java:766)
	at org.mortbay.jetty.webapp.WebAppContext.handle(WebAppContext.java:450)
	at org.mortbay.jetty.handler.HandlerWrapper.handle(HandlerWrapper.java:152)
	at org.mortbay.jetty.Server.handle(Server.java:326)
	at org.mortbay.jetty.HttpConnection.handleRequest(HttpConnection.java:542)
	at org.mortbay.jetty.HttpConnection$RequestHandler.headerComplete(HttpConnection.java:928)
	at org.mortbay.jetty.HttpParser.parseNext(HttpParser.java:549)
	at org.mortbay.jetty.HttpParser.parseAvailable(HttpParser.java:212)
	at org.mortbay.jetty.HttpConnection.handle(HttpConnection.java:404)
	at org.mortbay.io.nio.SelectChannelEndPoint.run(SelectChannelEndPoint.java:410)
	at org.mortbay.thread.QueuedThreadPool$PoolThread.run(QueuedThreadPool.java:582)
2016-04-21 10:50:04,181 [1538379368@qtp-781124024-0] INFO  [me.daoke.roadrank.controller.UserInfoController] - me.daoke.roadrank.utils.JsonResult@16254dd7
