2016-04-20 21:56:47,460 [main] ERROR [org.springframework.web.context.ContextLoader] - Context initialization failed
org.springframework.beans.factory.BeanCreationException: Error creating bean with name 'org.mybatis.spring.mapper.MapperScannerConfigurer#0' defined in URL [file:/Users/hujinhu/workspace/daoke/daoke-roadrank-web/target/classes/spring/applicationContext.xml]: Cannot resolve reference to bean 'sqlSessionFactory' while setting bean property 'sqlSessionFactory'; nested exception is org.springframework.beans.factory.BeanCreationException: Error creating bean with name 'sqlSessionFactory' defined in URL [file:/Users/hujinhu/workspace/daoke/daoke-roadrank-web/target/classes/spring/applicationContext.xml]: Cannot resolve reference to bean 'dataSource' while setting bean property 'dataSource'; nested exception is org.springframework.beans.factory.BeanCreationException: Error creating bean with name 'dataSource' defined in URL [file:/Users/hujinhu/workspace/daoke/daoke-roadrank-web/target/classes/spring/applicationContext.xml]: Initialization of bean failed; nested exception is org.springframework.beans.TypeMismatchException: Failed to convert property value of type 'java.lang.String' to required type 'boolean' for property 'jmxEnabled'; nested exception is java.lang.IllegalArgumentException: Invalid boolean value [${Tomcat.jdbc.pool.jmxEnabled}]
	at org.springframework.beans.factory.support.BeanDefinitionValueResolver.resolveReference(BeanDefinitionValueResolver.java:329)
	at org.springframework.beans.factory.support.BeanDefinitionValueResolver.resolveValueIfNecessary(BeanDefinitionValueResolver.java:107)
	at org.springframework.beans.factory.support.AbstractAutowireCapableBeanFactory.applyPropertyValues(AbstractAutowireCapableBeanFactory.java:1387)
	at org.springframework.beans.factory.support.AbstractAutowireCapableBeanFactory.populateBean(AbstractAutowireCapableBeanFactory.java:1128)
	at org.springframework.beans.factory.support.AbstractAutowireCapableBeanFactory.doCreateBean(AbstractAutowireCapableBeanFactory.java:519)
	at org.springframework.beans.factory.support.AbstractAutowireCapableBeanFactory.createBean(AbstractAutowireCapableBeanFactory.java:458)
	at org.springframework.beans.factory.support.AbstractBeanFactory$1.getObject(AbstractBeanFactory.java:295)
	at org.springframework.beans.factory.support.DefaultSingletonBeanRegistry.getSingleton(DefaultSingletonBeanRegistry.java:223)
	at org.springframework.beans.factory.support.AbstractBeanFactory.doGetBean(AbstractBeanFactory.java:292)
	at org.springframework.beans.factory.support.AbstractBeanFactory.getBean(AbstractBeanFactory.java:198)
	at org.springframework.beans.factory.support.DefaultListableBeanFactory.getBeansOfType(DefaultListableBeanFactory.java:438)
	at org.springframework.context.support.AbstractApplicationContext.invokeBeanFactoryPostProcessors(AbstractApplicationContext.java:624)
	at org.springframework.context.support.AbstractApplicationContext.refresh(AbstractApplicationContext.java:461)
	at org.springframework.web.context.ContextLoader.configureAndRefreshWebApplicationContext(ContextLoader.java:389)
	at org.springframework.web.context.ContextLoader.initWebApplicationContext(ContextLoader.java:294)
	at org.springframework.web.context.ContextLoaderListener.contextInitialized(ContextLoaderListener.java:112)
	at org.mortbay.jetty.handler.ContextHandler.startContext(ContextHandler.java:549)
	at org.mortbay.jetty.servlet.Context.startContext(Context.java:136)
	at org.mortbay.jetty.webapp.WebAppContext.startContext(WebAppContext.java:1282)
	at org.mortbay.jetty.handler.ContextHandler.doStart(ContextHandler.java:518)
	at org.mortbay.jetty.webapp.WebAppContext.doStart(WebAppContext.java:499)
	at org.mortbay.component.AbstractLifeCycle.start(AbstractLifeCycle.java:50)
	at org.mortbay.jetty.handler.HandlerWrapper.doStart(HandlerWrapper.java:130)
	at org.mortbay.jetty.Server.doStart(Server.java:224)
	at org.mortbay.component.AbstractLifeCycle.start(AbstractLifeCycle.java:50)
	at runjettyrun.Bootstrap.main(Bootstrap.java:97)
Caused by: org.springframework.beans.factory.BeanCreationException: Error creating bean with name 'sqlSessionFactory' defined in URL [file:/Users/hujinhu/workspace/daoke/daoke-roadrank-web/target/classes/spring/applicationContext.xml]: Cannot resolve reference to bean 'dataSource' while setting bean property 'dataSource'; nested exception is org.springframework.beans.factory.BeanCreationException: Error creating bean with name 'dataSource' defined in URL [file:/Users/hujinhu/workspace/daoke/daoke-roadrank-web/target/classes/spring/applicationContext.xml]: Initialization of bean failed; nested exception is org.springframework.beans.TypeMismatchException: Failed to convert property value of type 'java.lang.String' to required type 'boolean' for property 'jmxEnabled'; nested exception is java.lang.IllegalArgumentException: Invalid boolean value [${Tomcat.jdbc.pool.jmxEnabled}]
	at org.springframework.beans.factory.support.BeanDefinitionValueResolver.resolveReference(BeanDefinitionValueResolver.java:329)
	at org.springframework.beans.factory.support.BeanDefinitionValueResolver.resolveValueIfNecessary(BeanDefinitionValueResolver.java:107)
	at org.springframework.beans.factory.support.AbstractAutowireCapableBeanFactory.applyPropertyValues(AbstractAutowireCapableBeanFactory.java:1387)
	at org.springframework.beans.factory.support.AbstractAutowireCapableBeanFactory.populateBean(AbstractAutowireCapableBeanFactory.java:1128)
	at org.springframework.beans.factory.support.AbstractAutowireCapableBeanFactory.doCreateBean(AbstractAutowireCapableBeanFactory.java:519)
	at org.springframework.beans.factory.support.AbstractAutowireCapableBeanFactory.createBean(AbstractAutowireCapableBeanFactory.java:458)
	at org.springframework.beans.factory.support.AbstractBeanFactory$1.getObject(AbstractBeanFactory.java:295)
	at org.springframework.beans.factory.support.DefaultSingletonBeanRegistry.getSingleton(DefaultSingletonBeanRegistry.java:223)
	at org.springframework.beans.factory.support.AbstractBeanFactory.doGetBean(AbstractBeanFactory.java:292)
	at org.springframework.beans.factory.support.AbstractBeanFactory.getBean(AbstractBeanFactory.java:194)
	at org.springframework.beans.factory.support.BeanDefinitionValueResolver.resolveReference(BeanDefinitionValueResolver.java:323)
	... 25 more
Caused by: org.springframework.beans.factory.BeanCreationException: Error creating bean with name 'dataSource' defined in URL [file:/Users/hujinhu/workspace/daoke/daoke-roadrank-web/target/classes/spring/applicationContext.xml]: Initialization of bean failed; nested exception is org.springframework.beans.TypeMismatchException: Failed to convert property value of type 'java.lang.String' to required type 'boolean' for property 'jmxEnabled'; nested exception is java.lang.IllegalArgumentException: Invalid boolean value [${Tomcat.jdbc.pool.jmxEnabled}]
	at org.springframework.beans.factory.support.AbstractAutowireCapableBeanFactory.doCreateBean(AbstractAutowireCapableBeanFactory.java:529)
	at org.springframework.beans.factory.support.AbstractAutowireCapableBeanFactory.createBean(AbstractAutowireCapableBeanFactory.java:458)
	at org.springframework.beans.factory.support.AbstractBeanFactory$1.getObject(AbstractBeanFactory.java:295)
	at org.springframework.beans.factory.support.DefaultSingletonBeanRegistry.getSingleton(DefaultSingletonBeanRegistry.java:223)
	at org.springframework.beans.factory.support.AbstractBeanFactory.doGetBean(AbstractBeanFactory.java:292)
	at org.springframework.beans.factory.support.AbstractBeanFactory.getBean(AbstractBeanFactory.java:194)
	at org.springframework.beans.factory.support.BeanDefinitionValueResolver.resolveReference(BeanDefinitionValueResolver.java:323)
	... 35 more
Caused by: org.springframework.beans.TypeMismatchException: Failed to convert property value of type 'java.lang.String' to required type 'boolean' for property 'jmxEnabled'; nested exception is java.lang.IllegalArgumentException: Invalid boolean value [${Tomcat.jdbc.pool.jmxEnabled}]
	at org.springframework.beans.BeanWrapperImpl.convertIfNecessary(BeanWrapperImpl.java:468)
	at org.springframework.beans.BeanWrapperImpl.convertForProperty(BeanWrapperImpl.java:494)
	at org.springframework.beans.BeanWrapperImpl.convertForProperty(BeanWrapperImpl.java:488)
	at org.springframework.beans.factory.support.AbstractAutowireCapableBeanFactory.convertForProperty(AbstractAutowireCapableBeanFactory.java:1433)
	at org.springframework.beans.factory.support.AbstractAutowireCapableBeanFactory.applyPropertyValues(AbstractAutowireCapableBeanFactory.java:1392)
	at org.springframework.beans.factory.support.AbstractAutowireCapableBeanFactory.populateBean(AbstractAutowireCapableBeanFactory.java:1128)
	at org.springframework.beans.factory.support.AbstractAutowireCapableBeanFactory.doCreateBean(AbstractAutowireCapableBeanFactory.java:519)
	... 41 more
Caused by: java.lang.IllegalArgumentException: Invalid boolean value [${Tomcat.jdbc.pool.jmxEnabled}]
	at org.springframework.beans.propertyeditors.CustomBooleanEditor.setAsText(CustomBooleanEditor.java:124)
	at org.springframework.beans.TypeConverterDelegate.doConvertTextValue(TypeConverterDelegate.java:452)
	at org.springframework.beans.TypeConverterDelegate.doConvertValue(TypeConverterDelegate.java:424)
	at org.springframework.beans.TypeConverterDelegate.convertIfNecessary(TypeConverterDelegate.java:181)
	at org.springframework.beans.BeanWrapperImpl.convertIfNecessary(BeanWrapperImpl.java:448)
	... 47 more
2016-04-20 21:57:59,095 [main] ERROR [org.springframework.web.context.ContextLoader] - Context initialization failed
org.springframework.beans.factory.BeanCreationException: Error creating bean with name 'org.mybatis.spring.mapper.MapperScannerConfigurer#0' defined in URL [file:/Users/hujinhu/workspace/daoke/daoke-roadrank-web/target/classes/spring/applicationContext.xml]: Cannot resolve reference to bean 'sqlSessionFactory' while setting bean property 'sqlSessionFactory'; nested exception is org.springframework.beans.factory.BeanCreationException: Error creating bean with name 'sqlSessionFactory' defined in URL [file:/Users/hujinhu/workspace/daoke/daoke-roadrank-web/target/classes/spring/applicationContext.xml]: Cannot resolve reference to bean 'dataSource' while setting bean property 'dataSource'; nested exception is org.springframework.beans.factory.BeanCreationException: Error creating bean with name 'dataSource' defined in URL [file:/Users/hujinhu/workspace/daoke/daoke-roadrank-web/target/classes/spring/applicationContext.xml]: Initialization of bean failed; nested exception is org.springframework.beans.TypeMismatchException: Failed to convert property value of type 'java.lang.String' to required type 'boolean' for property 'jmxEnabled'; nested exception is java.lang.IllegalArgumentException: Invalid boolean value [${Tomcat.jdbc.pool.jmxEnabled}]
	at org.springframework.beans.factory.support.BeanDefinitionValueResolver.resolveReference(BeanDefinitionValueResolver.java:329)
	at org.springframework.beans.factory.support.BeanDefinitionValueResolver.resolveValueIfNecessary(BeanDefinitionValueResolver.java:107)
	at org.springframework.beans.factory.support.AbstractAutowireCapableBeanFactory.applyPropertyValues(AbstractAutowireCapableBeanFactory.java:1387)
	at org.springframework.beans.factory.support.AbstractAutowireCapableBeanFactory.populateBean(AbstractAutowireCapableBeanFactory.java:1128)
	at org.springframework.beans.factory.support.AbstractAutowireCapableBeanFactory.doCreateBean(AbstractAutowireCapableBeanFactory.java:519)
	at org.springframework.beans.factory.support.AbstractAutowireCapableBeanFactory.createBean(AbstractAutowireCapableBeanFactory.java:458)
	at org.springframework.beans.factory.support.AbstractBeanFactory$1.getObject(AbstractBeanFactory.java:295)
	at org.springframework.beans.factory.support.DefaultSingletonBeanRegistry.getSingleton(DefaultSingletonBeanRegistry.java:223)
	at org.springframework.beans.factory.support.AbstractBeanFactory.doGetBean(AbstractBeanFactory.java:292)
	at org.springframework.beans.factory.support.AbstractBeanFactory.getBean(AbstractBeanFactory.java:198)
	at org.springframework.beans.factory.support.DefaultListableBeanFactory.getBeansOfType(DefaultListableBeanFactory.java:438)
	at org.springframework.context.support.AbstractApplicationContext.invokeBeanFactoryPostProcessors(AbstractApplicationContext.java:624)
	at org.springframework.context.support.AbstractApplicationContext.refresh(AbstractApplicationContext.java:461)
	at org.springframework.web.context.ContextLoader.configureAndRefreshWebApplicationContext(ContextLoader.java:389)
	at org.springframework.web.context.ContextLoader.initWebApplicationContext(ContextLoader.java:294)
	at org.springframework.web.context.ContextLoaderListener.contextInitialized(ContextLoaderListener.java:112)
	at org.mortbay.jetty.handler.ContextHandler.startContext(ContextHandler.java:549)
	at org.mortbay.jetty.servlet.Context.startContext(Context.java:136)
	at org.mortbay.jetty.webapp.WebAppContext.startContext(WebAppContext.java:1282)
	at org.mortbay.jetty.handler.ContextHandler.doStart(ContextHandler.java:518)
	at org.mortbay.jetty.webapp.WebAppContext.doStart(WebAppContext.java:499)
	at org.mortbay.component.AbstractLifeCycle.start(AbstractLifeCycle.java:50)
	at org.mortbay.jetty.handler.HandlerWrapper.doStart(HandlerWrapper.java:130)
	at org.mortbay.jetty.Server.doStart(Server.java:224)
	at org.mortbay.component.AbstractLifeCycle.start(AbstractLifeCycle.java:50)
	at runjettyrun.Bootstrap.main(Bootstrap.java:97)
Caused by: org.springframework.beans.factory.BeanCreationException: Error creating bean with name 'sqlSessionFactory' defined in URL [file:/Users/hujinhu/workspace/daoke/daoke-roadrank-web/target/classes/spring/applicationContext.xml]: Cannot resolve reference to bean 'dataSource' while setting bean property 'dataSource'; nested exception is org.springframework.beans.factory.BeanCreationException: Error creating bean with name 'dataSource' defined in URL [file:/Users/hujinhu/workspace/daoke/daoke-roadrank-web/target/classes/spring/applicationContext.xml]: Initialization of bean failed; nested exception is org.springframework.beans.TypeMismatchException: Failed to convert property value of type 'java.lang.String' to required type 'boolean' for property 'jmxEnabled'; nested exception is java.lang.IllegalArgumentException: Invalid boolean value [${Tomcat.jdbc.pool.jmxEnabled}]
	at org.springframework.beans.factory.support.BeanDefinitionValueResolver.resolveReference(BeanDefinitionValueResolver.java:329)
	at org.springframework.beans.factory.support.BeanDefinitionValueResolver.resolveValueIfNecessary(BeanDefinitionValueResolver.java:107)
	at org.springframework.beans.factory.support.AbstractAutowireCapableBeanFactory.applyPropertyValues(AbstractAutowireCapableBeanFactory.java:1387)
	at org.springframework.beans.factory.support.AbstractAutowireCapableBeanFactory.populateBean(AbstractAutowireCapableBeanFactory.java:1128)
	at org.springframework.beans.factory.support.AbstractAutowireCapableBeanFactory.doCreateBean(AbstractAutowireCapableBeanFactory.java:519)
	at org.springframework.beans.factory.support.AbstractAutowireCapableBeanFactory.createBean(AbstractAutowireCapableBeanFactory.java:458)
	at org.springframework.beans.factory.support.AbstractBeanFactory$1.getObject(AbstractBeanFactory.java:295)
	at org.springframework.beans.factory.support.DefaultSingletonBeanRegistry.getSingleton(DefaultSingletonBeanRegistry.java:223)
	at org.springframework.beans.factory.support.AbstractBeanFactory.doGetBean(AbstractBeanFactory.java:292)
	at org.springframework.beans.factory.support.AbstractBeanFactory.getBean(AbstractBeanFactory.java:194)
	at org.springframework.beans.factory.support.BeanDefinitionValueResolver.resolveReference(BeanDefinitionValueResolver.java:323)
	... 25 more
Caused by: org.springframework.beans.factory.BeanCreationException: Error creating bean with name 'dataSource' defined in URL [file:/Users/hujinhu/workspace/daoke/daoke-roadrank-web/target/classes/spring/applicationContext.xml]: Initialization of bean failed; nested exception is org.springframework.beans.TypeMismatchException: Failed to convert property value of type 'java.lang.String' to required type 'boolean' for property 'jmxEnabled'; nested exception is java.lang.IllegalArgumentException: Invalid boolean value [${Tomcat.jdbc.pool.jmxEnabled}]
	at org.springframework.beans.factory.support.AbstractAutowireCapableBeanFactory.doCreateBean(AbstractAutowireCapableBeanFactory.java:529)
	at org.springframework.beans.factory.support.AbstractAutowireCapableBeanFactory.createBean(AbstractAutowireCapableBeanFactory.java:458)
	at org.springframework.beans.factory.support.AbstractBeanFactory$1.getObject(AbstractBeanFactory.java:295)
	at org.springframework.beans.factory.support.DefaultSingletonBeanRegistry.getSingleton(DefaultSingletonBeanRegistry.java:223)
	at org.springframework.beans.factory.support.AbstractBeanFactory.doGetBean(AbstractBeanFactory.java:292)
	at org.springframework.beans.factory.support.AbstractBeanFactory.getBean(AbstractBeanFactory.java:194)
	at org.springframework.beans.factory.support.BeanDefinitionValueResolver.resolveReference(BeanDefinitionValueResolver.java:323)
	... 35 more
Caused by: org.springframework.beans.TypeMismatchException: Failed to convert property value of type 'java.lang.String' to required type 'boolean' for property 'jmxEnabled'; nested exception is java.lang.IllegalArgumentException: Invalid boolean value [${Tomcat.jdbc.pool.jmxEnabled}]
	at org.springframework.beans.BeanWrapperImpl.convertIfNecessary(BeanWrapperImpl.java:468)
	at org.springframework.beans.BeanWrapperImpl.convertForProperty(BeanWrapperImpl.java:494)
	at org.springframework.beans.BeanWrapperImpl.convertForProperty(BeanWrapperImpl.java:488)
	at org.springframework.beans.factory.support.AbstractAutowireCapableBeanFactory.convertForProperty(AbstractAutowireCapableBeanFactory.java:1433)
	at org.springframework.beans.factory.support.AbstractAutowireCapableBeanFactory.applyPropertyValues(AbstractAutowireCapableBeanFactory.java:1392)
	at org.springframework.beans.factory.support.AbstractAutowireCapableBeanFactory.populateBean(AbstractAutowireCapableBeanFactory.java:1128)
	at org.springframework.beans.factory.support.AbstractAutowireCapableBeanFactory.doCreateBean(AbstractAutowireCapableBeanFactory.java:519)
	... 41 more
Caused by: java.lang.IllegalArgumentException: Invalid boolean value [${Tomcat.jdbc.pool.jmxEnabled}]
	at org.springframework.beans.propertyeditors.CustomBooleanEditor.setAsText(CustomBooleanEditor.java:124)
	at org.springframework.beans.TypeConverterDelegate.doConvertTextValue(TypeConverterDelegate.java:452)
	at org.springframework.beans.TypeConverterDelegate.doConvertValue(TypeConverterDelegate.java:424)
	at org.springframework.beans.TypeConverterDelegate.convertIfNecessary(TypeConverterDelegate.java:181)
	at org.springframework.beans.BeanWrapperImpl.convertIfNecessary(BeanWrapperImpl.java:448)
	... 47 more
