2016-04-22 15:17:08,609 [main] INFO  [me.daoke.roadrank.Test] - {"sign":"F543D291EBE3E2A0A7E5A540231D90D2648242AB","birthday":"2016-03-03","accountID":"zMm6mlT7jM","sex":"1","carModel":"730","nickName":"科比-布莱恩特","carNumber":"豫G 88888","carBrand":"宝骏","cityName":"上海","cityCode":"310000","headPic":"http:// clubapp.daoke.me/club/resource/head_big.png","introduction":"我为车狂"}
2016-04-22 15:17:09,916 [main] INFO  [me.daoke.roadrank.Test] - <html>
<head>
<meta http-equiv="Content-Type" content="text/html; charset=ISO-8859-1"/>
<title>Error 400 BAD_REQUEST</title>
</head>
<body><h2>HTTP ERROR 400</h2>
<p>Problem accessing /accountInfo/updateInfoByID/. Reason:
<pre>    BAD_REQUEST</pre></p><hr /><i><small>Powered by Jetty://</small></i><br/>                                                
<br/>                                                
<br/>                                                
<br/>                                                
<br/>                                                
<br/>                                                
<br/>                                                
<br/>                                                
<br/>                                                
<br/>                                                
<br/>                                                
<br/>                                                
<br/>                                                
<br/>                                                
<br/>                                                
<br/>                                                
<br/>                                                
<br/>                                                
<br/>                                                
<br/>                                                

</body>
</html>

